{"/Users/khubair/.openclaw/workspace/percolator-launch/packages/server/src/config.ts": {"path":"/Users/khubair/.openclaw/workspace/percolator-launch/packages/server/src/config.ts","statementMap":{"0":{"start":{"line":4,"column":0},"end":{"line":6,"column":null}},"1":{"start":{"line":5,"column":2},"end":{"line":5,"column":null}},"2":{"start":{"line":8,"column":22},"end":{"line":27,"column":null}}},"fnMap":{},"branchMap":{"0":{"loc":{"start":{"line":4,"column":0},"end":{"line":6,"column":null}},"type":"if","locations":[{"start":{"line":4,"column":0},"end":{"line":6,"column":null}},{"start":{},"end":{}}],"line":4},"1":{"loc":{"start":{"line":4,"column":4},"end":{"line":4,"column":67}},"type":"binary-expr","locations":[{"start":{"line":4,"column":4},"end":{"line":4,"column":45}},{"start":{"line":4,"column":45},"end":{"line":4,"column":67}}],"line":4},"2":{"loc":{"start":{"line":9,"column":10},"end":{"line":9,"column":null}},"type":"binary-expr","locations":[{"start":{"line":9,"column":10},"end":{"line":9,"column":33}},{"start":{"line":9,"column":33},"end":{"line":9,"column":null}}],"line":9},"3":{"loc":{"start":{"line":9,"column":75},"end":{"line":9,"column":107}},"type":"binary-expr","locations":[{"start":{"line":9,"column":75},"end":{"line":9,"column":105}},{"start":{"line":9,"column":105},"end":{"line":9,"column":107}}],"line":9},"4":{"loc":{"start":{"line":10,"column":13},"end":{"line":10,"column":null}},"type":"binary-expr","locations":[{"start":{"line":10,"column":13},"end":{"line":10,"column":39}},{"start":{"line":10,"column":39},"end":{"line":10,"column":null}}],"line":10},"5":{"loc":{"start":{"line":12,"column":18},"end":{"line":16,"column":15}},"type":"binary-expr","locations":[{"start":{"line":12,"column":18},"end":{"line":12,"column":49}},{"start":{"line":12,"column":49},"end":{"line":16,"column":15}}],"line":12},"6":{"loc":{"start":{"line":17,"column":16},"end":{"line":17,"column":null}},"type":"binary-expr","locations":[{"start":{"line":17,"column":16},"end":{"line":17,"column":45}},{"start":{"line":17,"column":45},"end":{"line":17,"column":null}}],"line":17},"7":{"loc":{"start":{"line":18,"column":15},"end":{"line":18,"column":null}},"type":"binary-expr","locations":[{"start":{"line":18,"column":15},"end":{"line":18,"column":43}},{"start":{"line":18,"column":43},"end":{"line":18,"column":null}}],"line":18},"8":{"loc":{"start":{"line":19,"column":15},"end":{"line":19,"column":null}},"type":"binary-expr","locations":[{"start":{"line":19,"column":15},"end":{"line":19,"column":43}},{"start":{"line":19,"column":43},"end":{"line":19,"column":null}}],"line":19},"9":{"loc":{"start":{"line":20,"column":16},"end":{"line":20,"column":null}},"type":"binary-expr","locations":[{"start":{"line":20,"column":16},"end":{"line":20,"column":46}},{"start":{"line":20,"column":46},"end":{"line":20,"column":null}}],"line":20},"10":{"loc":{"start":{"line":21,"column":18},"end":{"line":21,"column":null}},"type":"binary-expr","locations":[{"start":{"line":21,"column":18},"end":{"line":21,"column":50}},{"start":{"line":21,"column":50},"end":{"line":21,"column":null}}],"line":21},"11":{"loc":{"start":{"line":22,"column":15},"end":{"line":22,"column":39}},"type":"binary-expr","locations":[{"start":{"line":22,"column":15},"end":{"line":22,"column":35}},{"start":{"line":22,"column":35},"end":{"line":22,"column":39}}],"line":22},"12":{"loc":{"start":{"line":23,"column":26},"end":{"line":23,"column":65}},"type":"binary-expr","locations":[{"start":{"line":23,"column":26},"end":{"line":23,"column":59}},{"start":{"line":23,"column":59},"end":{"line":23,"column":65}}],"line":23},"13":{"loc":{"start":{"line":24,"column":34},"end":{"line":24,"column":82}},"type":"binary-expr","locations":[{"start":{"line":24,"column":34},"end":{"line":24,"column":76}},{"start":{"line":24,"column":76},"end":{"line":24,"column":82}}],"line":24},"14":{"loc":{"start":{"line":26,"column":30},"end":{"line":26,"column":73}},"type":"binary-expr","locations":[{"start":{"line":26,"column":30},"end":{"line":26,"column":67}},{"start":{"line":26,"column":67},"end":{"line":26,"column":73}}],"line":26}},"s":{"0":2,"1":0,"2":2},"f":{},"b":{"0":[0,2],"1":[2,2],"2":[2,0],"3":[0,0],"4":[2,0],"5":[2,2],"6":[2,2],"7":[2,0],"8":[2,0],"9":[2,2],"10":[2,0],"11":[2,0],"12":[2,2],"13":[2,2],"14":[2,2]},"meta":{"lastBranch":15,"lastFunction":0,"lastStatement":3,"seen":{"b:4:0:6:Infinity:undefined:undefined:undefined:undefined":0,"s:4:0:6:Infinity":0,"b:4:4:4:45:4:45:4:67":1,"s:5:2:5:Infinity":1,"s:8:22:27:Infinity":2,"b:9:10:9:33:9:33:9:Infinity":2,"b:9:75:9:105:9:105:9:107":3,"b:10:13:10:39:10:39:10:Infinity":4,"b:12:18:12:49:12:49:16:15":5,"b:17:16:17:45:17:45:17:Infinity":6,"b:18:15:18:43:18:43:18:Infinity":7,"b:19:15:19:43:19:43:19:Infinity":8,"b:20:16:20:46:20:46:20:Infinity":9,"b:21:18:21:50:21:50:21:Infinity":10,"b:22:15:22:35:22:35:22:39":11,"b:23:26:23:59:23:59:23:65":12,"b:24:34:24:76:24:76:24:82":13,"b:26:30:26:67:26:67:26:73":14}}}
,"/Users/khubair/.openclaw/workspace/percolator-launch/packages/server/src/index.ts": {"path":"/Users/khubair/.openclaw/workspace/percolator-launch/packages/server/src/index.ts","statementMap":{"0":{"start":{"line":22,"column":22},"end":{"line":22,"column":null}},"1":{"start":{"line":23,"column":20},"end":{"line":23,"column":null}},"2":{"start":{"line":24,"column":21},"end":{"line":24,"column":null}},"3":{"start":{"line":25,"column":27},"end":{"line":25,"column":null}},"4":{"start":{"line":26,"column":25},"end":{"line":26,"column":null}},"5":{"start":{"line":27,"column":25},"end":{"line":27,"column":null}},"6":{"start":{"line":28,"column":21},"end":{"line":28,"column":null}},"7":{"start":{"line":31,"column":12},"end":{"line":31,"column":null}},"8":{"start":{"line":33,"column":6},"end":{"line":33,"column":null}},"9":{"start":{"line":33,"column":129},"end":{"line":33,"column":137}},"10":{"start":{"line":34,"column":0},"end":{"line":38,"column":null}},"11":{"start":{"line":41,"column":0},"end":{"line":46,"column":null}},"12":{"start":{"line":42,"column":2},"end":{"line":44,"column":null}},"13":{"start":{"line":43,"column":4},"end":{"line":43,"column":null}},"14":{"start":{"line":45,"column":2},"end":{"line":45,"column":null}},"15":{"start":{"line":49,"column":0},"end":{"line":49,"column":null}},"16":{"start":{"line":50,"column":0},"end":{"line":50,"column":null}},"17":{"start":{"line":51,"column":0},"end":{"line":51,"column":null}},"18":{"start":{"line":52,"column":0},"end":{"line":52,"column":null}},"19":{"start":{"line":53,"column":0},"end":{"line":53,"column":null}},"20":{"start":{"line":54,"column":0},"end":{"line":54,"column":null}},"21":{"start":{"line":57,"column":0},"end":{"line":57,"column":null}},"22":{"start":{"line":57,"column":20},"end":{"line":57,"column":76}},"23":{"start":{"line":60,"column":6},"end":{"line":62,"column":null}},"24":{"start":{"line":61,"column":2},"end":{"line":61,"column":null}},"25":{"start":{"line":65,"column":0},"end":{"line":65,"column":null}},"26":{"start":{"line":68,"column":0},"end":{"line":68,"column":null}},"27":{"start":{"line":69,"column":0},"end":{"line":69,"column":null}},"28":{"start":{"line":72,"column":0},"end":{"line":101,"column":null}},"29":{"start":{"line":73,"column":2},"end":{"line":98,"column":null}},"30":{"start":{"line":74,"column":4},"end":{"line":74,"column":null}},"31":{"start":{"line":75,"column":4},"end":{"line":75,"column":null}},"32":{"start":{"line":78,"column":4},"end":{"line":80,"column":null}},"33":{"start":{"line":79,"column":6},"end":{"line":79,"column":null}},"34":{"start":{"line":81,"column":4},"end":{"line":83,"column":null}},"35":{"start":{"line":82,"column":6},"end":{"line":82,"column":null}},"36":{"start":{"line":86,"column":4},"end":{"line":86,"column":null}},"37":{"start":{"line":86,"column":35},"end":{"line":86,"column":60}},"38":{"start":{"line":87,"column":4},"end":{"line":87,"column":null}},"39":{"start":{"line":90,"column":4},"end":{"line":90,"column":null}},"40":{"start":{"line":91,"column":4},"end":{"line":91,"column":null}},"41":{"start":{"line":94,"column":4},"end":{"line":94,"column":null}},"42":{"start":{"line":95,"column":4},"end":{"line":95,"column":null}},"43":{"start":{"line":97,"column":4},"end":{"line":97,"column":null}},"44":{"start":{"line":100,"column":2},"end":{"line":100,"column":null}},"45":{"start":{"line":105,"column":2},"end":{"line":105,"column":null}},"46":{"start":{"line":106,"column":2},"end":{"line":117,"column":null}},"47":{"start":{"line":107,"column":4},"end":{"line":107,"column":null}},"48":{"start":{"line":108,"column":4},"end":{"line":108,"column":null}},"49":{"start":{"line":109,"column":4},"end":{"line":109,"column":null}},"50":{"start":{"line":110,"column":4},"end":{"line":110,"column":null}},"51":{"start":{"line":111,"column":4},"end":{"line":111,"column":null}},"52":{"start":{"line":112,"column":4},"end":{"line":114,"column":null}},"53":{"start":{"line":113,"column":7},"end":{"line":113,"column":null}},"54":{"start":{"line":116,"column":4},"end":{"line":116,"column":null}},"55":{"start":{"line":118,"column":2},"end":{"line":118,"column":null}},"56":{"start":{"line":121,"column":0},"end":{"line":121,"column":null}},"57":{"start":{"line":121,"column":28},"end":{"line":121,"column":47}},"58":{"start":{"line":122,"column":0},"end":{"line":122,"column":null}},"59":{"start":{"line":122,"column":27},"end":{"line":122,"column":45}}},"fnMap":{"0":{"name":"(anonymous_0)","decl":{"start":{"line":33,"column":124},"end":{"line":33,"column":129}},"loc":{"start":{"line":33,"column":129},"end":{"line":33,"column":137}},"line":33},"1":{"name":"(anonymous_1)","decl":{"start":{"line":41,"column":13},"end":{"line":41,"column":20}},"loc":{"start":{"line":41,"column":32},"end":{"line":46,"column":1}},"line":41},"2":{"name":"(anonymous_2)","decl":{"start":{"line":57,"column":13},"end":{"line":57,"column":14}},"loc":{"start":{"line":57,"column":20},"end":{"line":57,"column":76}},"line":57},"3":{"name":"(anonymous_3)","decl":{"start":{"line":60,"column":62},"end":{"line":60,"column":63}},"loc":{"start":{"line":60,"column":72},"end":{"line":62,"column":1}},"line":60},"4":{"name":"(anonymous_4)","decl":{"start":{"line":73,"column":31},"end":{"line":73,"column":32}},"loc":{"start":{"line":73,"column":44},"end":{"line":96,"column":3}},"line":73},"5":{"name":"(anonymous_5)","decl":{"start":{"line":86,"column":29},"end":{"line":86,"column":35}},"loc":{"start":{"line":86,"column":35},"end":{"line":86,"column":60}},"line":86},"6":{"name":"(anonymous_6)","decl":{"start":{"line":96,"column":11},"end":{"line":96,"column":12}},"loc":{"start":{"line":96,"column":20},"end":{"line":98,"column":3}},"line":96},"7":{"name":"shutdown","decl":{"start":{"line":104,"column":15},"end":{"line":104,"column":24}},"loc":{"start":{"line":104,"column":40},"end":{"line":119,"column":null}},"line":104},"8":{"name":"(anonymous_8)","decl":{"start":{"line":121,"column":22},"end":{"line":121,"column":28}},"loc":{"start":{"line":121,"column":28},"end":{"line":121,"column":47}},"line":121},"9":{"name":"(anonymous_9)","decl":{"start":{"line":122,"column":21},"end":{"line":122,"column":27}},"loc":{"start":{"line":122,"column":27},"end":{"line":122,"column":45}},"line":122}},"branchMap":{"0":{"loc":{"start":{"line":33,"column":24},"end":{"line":33,"column":109}},"type":"binary-expr","locations":[{"start":{"line":33,"column":24},"end":{"line":33,"column":55}},{"start":{"line":33,"column":55},"end":{"line":33,"column":109}}],"line":33},"1":{"loc":{"start":{"line":42,"column":2},"end":{"line":44,"column":null}},"type":"if","locations":[{"start":{"line":42,"column":2},"end":{"line":44,"column":null}},{"start":{},"end":{}}],"line":42},"2":{"loc":{"start":{"line":42,"column":6},"end":{"line":42,"column":87}},"type":"binary-expr","locations":[{"start":{"line":42,"column":6},"end":{"line":42,"column":32}},{"start":{"line":42,"column":32},"end":{"line":42,"column":59}},{"start":{"line":42,"column":59},"end":{"line":42,"column":87}}],"line":42},"3":{"loc":{"start":{"line":72,"column":0},"end":{"line":101,"column":null}},"type":"if","locations":[{"start":{"line":72,"column":0},"end":{"line":101,"column":null}},{"start":{"line":99,"column":7},"end":{"line":101,"column":null}}],"line":72},"4":{"loc":{"start":{"line":81,"column":4},"end":{"line":83,"column":null}},"type":"if","locations":[{"start":{"line":81,"column":4},"end":{"line":83,"column":null}},{"start":{},"end":{}}],"line":81},"5":{"loc":{"start":{"line":112,"column":4},"end":{"line":114,"column":null}},"type":"if","locations":[{"start":{"line":112,"column":4},"end":{"line":114,"column":null}},{"start":{},"end":{}}],"line":112},"6":{"loc":{"start":{"line":112,"column":8},"end":{"line":112,"column":63}},"type":"binary-expr","locations":[{"start":{"line":112,"column":8},"end":{"line":112,"column":18}},{"start":{"line":112,"column":18},"end":{"line":112,"column":63}}],"line":112}},"s":{"0":1,"1":1,"2":1,"3":1,"4":1,"5":1,"6":1,"7":1,"8":1,"9":2,"10":1,"11":1,"12":69,"13":68,"14":1,"15":1,"16":1,"17":1,"18":1,"19":1,"20":1,"21":1,"22":0,"23":1,"24":1,"25":1,"26":1,"27":1,"28":1,"29":0,"30":0,"31":0,"32":0,"33":0,"34":0,"35":0,"36":0,"37":0,"38":0,"39":0,"40":0,"41":0,"42":0,"43":0,"44":1,"45":0,"46":0,"47":0,"48":0,"49":0,"50":0,"51":0,"52":0,"53":0,"54":0,"55":0,"56":1,"57":0,"58":1,"59":0},"f":{"0":2,"1":69,"2":0,"3":1,"4":0,"5":0,"6":0,"7":0,"8":0,"9":0},"b":{"0":[1,1],"1":[68,1],"2":[69,1,1],"3":[0,1],"4":[0,0],"5":[0,0],"6":[0,0]},"meta":{"lastBranch":7,"lastFunction":10,"lastStatement":60,"seen":{"s:22:22:22:Infinity":0,"s:23:20:23:Infinity":1,"s:24:21:24:Infinity":2,"s:25:27:25:Infinity":3,"s:26:25:26:Infinity":4,"s:27:25:27:Infinity":5,"s:28:21:28:Infinity":6,"s:31:12:31:Infinity":7,"s:33:6:33:Infinity":8,"b:33:24:33:55:33:55:33:109":0,"f:33:124:33:129":0,"s:33:129:33:137":9,"s:34:0:38:Infinity":10,"s:41:0:46:Infinity":11,"f:41:13:41:20":1,"b:42:2:44:Infinity:undefined:undefined:undefined:undefined":1,"s:42:2:44:Infinity":12,"b:42:6:42:32:42:32:42:59:42:59:42:87":2,"s:43:4:43:Infinity":13,"s:45:2:45:Infinity":14,"s:49:0:49:Infinity":15,"s:50:0:50:Infinity":16,"s:51:0:51:Infinity":17,"s:52:0:52:Infinity":18,"s:53:0:53:Infinity":19,"s:54:0:54:Infinity":20,"s:57:0:57:Infinity":21,"f:57:13:57:14":2,"s:57:20:57:76":22,"s:60:6:62:Infinity":23,"f:60:62:60:63":3,"s:61:2:61:Infinity":24,"s:65:0:65:Infinity":25,"s:68:0:68:Infinity":26,"s:69:0:69:Infinity":27,"b:72:0:101:Infinity:99:7:101:Infinity":3,"s:72:0:101:Infinity":28,"s:73:2:98:Infinity":29,"f:73:31:73:32":4,"s:74:4:74:Infinity":30,"s:75:4:75:Infinity":31,"s:78:4:80:Infinity":32,"s:79:6:79:Infinity":33,"b:81:4:83:Infinity:undefined:undefined:undefined:undefined":4,"s:81:4:83:Infinity":34,"s:82:6:82:Infinity":35,"s:86:4:86:Infinity":36,"f:86:29:86:35":5,"s:86:35:86:60":37,"s:87:4:87:Infinity":38,"s:90:4:90:Infinity":39,"s:91:4:91:Infinity":40,"s:94:4:94:Infinity":41,"s:95:4:95:Infinity":42,"f:96:11:96:12":6,"s:97:4:97:Infinity":43,"s:100:2:100:Infinity":44,"f:104:15:104:24":7,"s:105:2:105:Infinity":45,"s:106:2:117:Infinity":46,"s:107:4:107:Infinity":47,"s:108:4:108:Infinity":48,"s:109:4:109:Infinity":49,"s:110:4:110:Infinity":50,"s:111:4:111:Infinity":51,"b:112:4:114:Infinity:undefined:undefined:undefined:undefined":5,"s:112:4:114:Infinity":52,"b:112:8:112:18:112:18:112:63":6,"s:113:7:113:Infinity":53,"s:116:4:116:Infinity":54,"s:118:2:118:Infinity":55,"s:121:0:121:Infinity":56,"f:121:22:121:28":8,"s:121:28:121:47":57,"s:122:0:122:Infinity":58,"f:122:21:122:27":9,"s:122:27:122:45":59}}}
,"/Users/khubair/.openclaw/workspace/percolator-launch/packages/server/src/db/client.ts": {"path":"/Users/khubair/.openclaw/workspace/percolator-launch/packages/server/src/db/client.ts","statementMap":{"0":{"start":{"line":4,"column":37},"end":{"line":4,"column":null}},"1":{"start":{"line":7,"column":2},"end":{"line":12,"column":null}},"2":{"start":{"line":8,"column":4},"end":{"line":10,"column":null}},"3":{"start":{"line":9,"column":6},"end":{"line":9,"column":null}},"4":{"start":{"line":11,"column":4},"end":{"line":11,"column":null}},"5":{"start":{"line":13,"column":2},"end":{"line":13,"column":null}}},"fnMap":{"0":{"name":"getSupabase","decl":{"start":{"line":6,"column":16},"end":{"line":6,"column":46}},"loc":{"start":{"line":6,"column":46},"end":{"line":14,"column":null}},"line":6}},"branchMap":{"0":{"loc":{"start":{"line":7,"column":2},"end":{"line":12,"column":null}},"type":"if","locations":[{"start":{"line":7,"column":2},"end":{"line":12,"column":null}},{"start":{},"end":{}}],"line":7},"1":{"loc":{"start":{"line":8,"column":4},"end":{"line":10,"column":null}},"type":"if","locations":[{"start":{"line":8,"column":4},"end":{"line":10,"column":null}},{"start":{},"end":{}}],"line":8},"2":{"loc":{"start":{"line":8,"column":8},"end":{"line":8,"column":52}},"type":"binary-expr","locations":[{"start":{"line":8,"column":8},"end":{"line":8,"column":31}},{"start":{"line":8,"column":31},"end":{"line":8,"column":52}}],"line":8}},"s":{"0":2,"1":0,"2":0,"3":0,"4":0,"5":0},"f":{"0":0},"b":{"0":[0,0],"1":[0,0],"2":[0,0]},"meta":{"lastBranch":3,"lastFunction":1,"lastStatement":6,"seen":{"s:4:37:4:Infinity":0,"f:6:16:6:46":0,"b:7:2:12:Infinity:undefined:undefined:undefined:undefined":0,"s:7:2:12:Infinity":1,"b:8:4:10:Infinity:undefined:undefined:undefined:undefined":1,"s:8:4:10:Infinity":2,"b:8:8:8:31:8:31:8:52":2,"s:9:6:9:Infinity":3,"s:11:4:11:Infinity":4,"s:13:2:13:Infinity":5}}}
,"/Users/khubair/.openclaw/workspace/percolator-launch/packages/server/src/db/queries.ts": {"path":"/Users/khubair/.openclaw/workspace/percolator-launch/packages/server/src/db/queries.ts","statementMap":{"0":{"start":{"line":42,"column":26},"end":{"line":42,"column":null}},"1":{"start":{"line":43,"column":2},"end":{"line":43,"column":null}},"2":{"start":{"line":43,"column":13},"end":{"line":43,"column":null}},"3":{"start":{"line":44,"column":2},"end":{"line":44,"column":null}},"4":{"start":{"line":48,"column":26},"end":{"line":52,"column":null}},"5":{"start":{"line":53,"column":2},"end":{"line":53,"column":null}},"6":{"start":{"line":53,"column":42},"end":{"line":53,"column":null}},"7":{"start":{"line":54,"column":2},"end":{"line":54,"column":null}},"8":{"start":{"line":58,"column":20},"end":{"line":60,"column":null}},"9":{"start":{"line":61,"column":2},"end":{"line":61,"column":null}},"10":{"start":{"line":61,"column":13},"end":{"line":61,"column":null}},"11":{"start":{"line":65,"column":20},"end":{"line":65,"column":null}},"12":{"start":{"line":68,"column":2},"end":{"line":70,"column":null}},"13":{"start":{"line":69,"column":4},"end":{"line":69,"column":null}},"14":{"start":{"line":74,"column":26},"end":{"line":78,"column":null}},"15":{"start":{"line":79,"column":2},"end":{"line":79,"column":null}},"16":{"start":{"line":79,"column":13},"end":{"line":79,"column":null}},"17":{"start":{"line":80,"column":2},"end":{"line":80,"column":null}},"18":{"start":{"line":84,"column":20},"end":{"line":84,"column":null}},"19":{"start":{"line":85,"column":2},"end":{"line":85,"column":null}},"20":{"start":{"line":85,"column":13},"end":{"line":85,"column":null}},"21":{"start":{"line":89,"column":26},"end":{"line":94,"column":null}},"22":{"start":{"line":95,"column":2},"end":{"line":95,"column":null}},"23":{"start":{"line":95,"column":13},"end":{"line":95,"column":null}},"24":{"start":{"line":96,"column":2},"end":{"line":96,"column":null}},"25":{"start":{"line":103,"column":26},"end":{"line":108,"column":null}},"26":{"start":{"line":109,"column":2},"end":{"line":109,"column":null}},"27":{"start":{"line":109,"column":13},"end":{"line":109,"column":null}},"28":{"start":{"line":110,"column":2},"end":{"line":110,"column":null}}},"fnMap":{"0":{"name":"getMarkets","decl":{"start":{"line":41,"column":22},"end":{"line":41,"column":57}},"loc":{"start":{"line":41,"column":57},"end":{"line":45,"column":null}},"line":41},"1":{"name":"getMarketBySlabAddress","decl":{"start":{"line":47,"column":22},"end":{"line":47,"column":45}},"loc":{"start":{"line":47,"column":93},"end":{"line":55,"column":null}},"line":47},"2":{"name":"upsertMarketStats","decl":{"start":{"line":57,"column":22},"end":{"line":57,"column":40}},"loc":{"start":{"line":57,"column":114},"end":{"line":62,"column":null}},"line":57},"3":{"name":"insertTrade","decl":{"start":{"line":64,"column":22},"end":{"line":64,"column":34}},"loc":{"start":{"line":64,"column":93},"end":{"line":71,"column":null}},"line":64},"4":{"name":"tradeExistsBySignature","decl":{"start":{"line":73,"column":22},"end":{"line":73,"column":45}},"loc":{"start":{"line":73,"column":84},"end":{"line":81,"column":null}},"line":73},"5":{"name":"insertOraclePrice","decl":{"start":{"line":83,"column":22},"end":{"line":83,"column":40}},"loc":{"start":{"line":83,"column":78},"end":{"line":86,"column":null}},"line":83},"6":{"name":"getRecentTrades","decl":{"start":{"line":88,"column":22},"end":{"line":88,"column":38}},"loc":{"start":{"line":88,"column":92},"end":{"line":97,"column":null}},"line":88},"7":{"name":"getPriceHistory","decl":{"start":{"line":99,"column":22},"end":{"line":99,"column":null}},"loc":{"start":{"line":102,"column":29},"end":{"line":111,"column":null}},"line":102}},"branchMap":{"0":{"loc":{"start":{"line":43,"column":2},"end":{"line":43,"column":null}},"type":"if","locations":[{"start":{"line":43,"column":2},"end":{"line":43,"column":null}},{"start":{},"end":{}}],"line":43},"1":{"loc":{"start":{"line":44,"column":10},"end":{"line":44,"column":null}},"type":"binary-expr","locations":[{"start":{"line":44,"column":10},"end":{"line":44,"column":18}},{"start":{"line":44,"column":18},"end":{"line":44,"column":null}}],"line":44},"2":{"loc":{"start":{"line":53,"column":2},"end":{"line":53,"column":null}},"type":"if","locations":[{"start":{"line":53,"column":2},"end":{"line":53,"column":null}},{"start":{},"end":{}}],"line":53},"3":{"loc":{"start":{"line":53,"column":6},"end":{"line":53,"column":42}},"type":"binary-expr","locations":[{"start":{"line":53,"column":6},"end":{"line":53,"column":15}},{"start":{"line":53,"column":15},"end":{"line":53,"column":42}}],"line":53},"4":{"loc":{"start":{"line":54,"column":10},"end":{"line":54,"column":null}},"type":"binary-expr","locations":[{"start":{"line":54,"column":10},"end":{"line":54,"column":32}},{"start":{"line":54,"column":32},"end":{"line":54,"column":null}}],"line":54},"5":{"loc":{"start":{"line":61,"column":2},"end":{"line":61,"column":null}},"type":"if","locations":[{"start":{"line":61,"column":2},"end":{"line":61,"column":null}},{"start":{},"end":{}}],"line":61},"6":{"loc":{"start":{"line":68,"column":2},"end":{"line":70,"column":null}},"type":"if","locations":[{"start":{"line":68,"column":2},"end":{"line":70,"column":null}},{"start":{},"end":{}}],"line":68},"7":{"loc":{"start":{"line":68,"column":6},"end":{"line":68,"column":39}},"type":"binary-expr","locations":[{"start":{"line":68,"column":6},"end":{"line":68,"column":15}},{"start":{"line":68,"column":15},"end":{"line":68,"column":39}}],"line":68},"8":{"loc":{"start":{"line":79,"column":2},"end":{"line":79,"column":null}},"type":"if","locations":[{"start":{"line":79,"column":2},"end":{"line":79,"column":null}},{"start":{},"end":{}}],"line":79},"9":{"loc":{"start":{"line":80,"column":10},"end":{"line":80,"column":31}},"type":"binary-expr","locations":[{"start":{"line":80,"column":10},"end":{"line":80,"column":26}},{"start":{"line":80,"column":26},"end":{"line":80,"column":31}}],"line":80},"10":{"loc":{"start":{"line":85,"column":2},"end":{"line":85,"column":null}},"type":"if","locations":[{"start":{"line":85,"column":2},"end":{"line":85,"column":null}},{"start":{},"end":{}}],"line":85},"11":{"loc":{"start":{"line":88,"column":59},"end":{"line":88,"column":92}},"type":"default-arg","locations":[{"start":{"line":88,"column":67},"end":{"line":88,"column":92}}],"line":88},"12":{"loc":{"start":{"line":95,"column":2},"end":{"line":95,"column":null}},"type":"if","locations":[{"start":{"line":95,"column":2},"end":{"line":95,"column":null}},{"start":{},"end":{}}],"line":95},"13":{"loc":{"start":{"line":96,"column":10},"end":{"line":96,"column":null}},"type":"binary-expr","locations":[{"start":{"line":96,"column":10},"end":{"line":96,"column":18}},{"start":{"line":96,"column":18},"end":{"line":96,"column":null}}],"line":96},"14":{"loc":{"start":{"line":109,"column":2},"end":{"line":109,"column":null}},"type":"if","locations":[{"start":{"line":109,"column":2},"end":{"line":109,"column":null}},{"start":{},"end":{}}],"line":109},"15":{"loc":{"start":{"line":110,"column":10},"end":{"line":110,"column":null}},"type":"binary-expr","locations":[{"start":{"line":110,"column":10},"end":{"line":110,"column":18}},{"start":{"line":110,"column":18},"end":{"line":110,"column":null}}],"line":110}},"s":{"0":0,"1":0,"2":0,"3":0,"4":0,"5":0,"6":0,"7":0,"8":0,"9":0,"10":0,"11":0,"12":0,"13":0,"14":0,"15":0,"16":0,"17":0,"18":0,"19":0,"20":0,"21":0,"22":0,"23":0,"24":0,"25":0,"26":0,"27":0,"28":0},"f":{"0":0,"1":0,"2":0,"3":0,"4":0,"5":0,"6":0,"7":0},"b":{"0":[0,0],"1":[0,0],"2":[0,0],"3":[0,0],"4":[0,0],"5":[0,0],"6":[0,0],"7":[0,0],"8":[0,0],"9":[0,0],"10":[0,0],"11":[0],"12":[0,0],"13":[0,0],"14":[0,0],"15":[0,0]},"meta":{"lastBranch":16,"lastFunction":8,"lastStatement":29,"seen":{"f:41:22:41:57":0,"s:42:26:42:Infinity":0,"b:43:2:43:Infinity:undefined:undefined:undefined:undefined":0,"s:43:2:43:Infinity":1,"s:43:13:43:Infinity":2,"s:44:2:44:Infinity":3,"b:44:10:44:18:44:18:44:Infinity":1,"f:47:22:47:45":1,"s:48:26:52:Infinity":4,"b:53:2:53:Infinity:undefined:undefined:undefined:undefined":2,"s:53:2:53:Infinity":5,"b:53:6:53:15:53:15:53:42":3,"s:53:42:53:Infinity":6,"s:54:2:54:Infinity":7,"b:54:10:54:32:54:32:54:Infinity":4,"f:57:22:57:40":2,"s:58:20:60:Infinity":8,"b:61:2:61:Infinity:undefined:undefined:undefined:undefined":5,"s:61:2:61:Infinity":9,"s:61:13:61:Infinity":10,"f:64:22:64:34":3,"s:65:20:65:Infinity":11,"b:68:2:70:Infinity:undefined:undefined:undefined:undefined":6,"s:68:2:70:Infinity":12,"b:68:6:68:15:68:15:68:39":7,"s:69:4:69:Infinity":13,"f:73:22:73:45":4,"s:74:26:78:Infinity":14,"b:79:2:79:Infinity:undefined:undefined:undefined:undefined":8,"s:79:2:79:Infinity":15,"s:79:13:79:Infinity":16,"s:80:2:80:Infinity":17,"b:80:10:80:26:80:26:80:31":9,"f:83:22:83:40":5,"s:84:20:84:Infinity":18,"b:85:2:85:Infinity:undefined:undefined:undefined:undefined":10,"s:85:2:85:Infinity":19,"s:85:13:85:Infinity":20,"f:88:22:88:38":6,"b:88:67:88:92":11,"s:89:26:94:Infinity":21,"b:95:2:95:Infinity:undefined:undefined:undefined:undefined":12,"s:95:2:95:Infinity":22,"s:95:13:95:Infinity":23,"s:96:2:96:Infinity":24,"b:96:10:96:18:96:18:96:Infinity":13,"f:99:22:99:Infinity":7,"s:103:26:108:Infinity":25,"b:109:2:109:Infinity:undefined:undefined:undefined:undefined":14,"s:109:2:109:Infinity":26,"s:109:13:109:Infinity":27,"s:110:2:110:Infinity":28,"b:110:10:110:18:110:18:110:Infinity":15}}}
,"/Users/khubair/.openclaw/workspace/percolator-launch/packages/server/src/middleware/auth.ts": {"path":"/Users/khubair/.openclaw/workspace/percolator-launch/packages/server/src/middleware/auth.ts","statementMap":{"0":{"start":{"line":9,"column":2},"end":{"line":23,"column":null}},"1":{"start":{"line":10,"column":23},"end":{"line":10,"column":null}},"2":{"start":{"line":11,"column":4},"end":{"line":17,"column":null}},"3":{"start":{"line":13,"column":6},"end":{"line":15,"column":null}},"4":{"start":{"line":14,"column":8},"end":{"line":14,"column":null}},"5":{"start":{"line":16,"column":6},"end":{"line":16,"column":null}},"6":{"start":{"line":18,"column":21},"end":{"line":18,"column":null}},"7":{"start":{"line":19,"column":4},"end":{"line":21,"column":null}},"8":{"start":{"line":20,"column":6},"end":{"line":20,"column":null}},"9":{"start":{"line":22,"column":4},"end":{"line":22,"column":null}}},"fnMap":{"0":{"name":"requireApiKey","decl":{"start":{"line":8,"column":16},"end":{"line":8,"column":32}},"loc":{"start":{"line":8,"column":32},"end":{"line":24,"column":null}},"line":8},"1":{"name":"(anonymous_1)","decl":{"start":{"line":9,"column":9},"end":{"line":9,"column":16}},"loc":{"start":{"line":9,"column":43},"end":{"line":23,"column":null}},"line":9}},"branchMap":{"0":{"loc":{"start":{"line":11,"column":4},"end":{"line":17,"column":null}},"type":"if","locations":[{"start":{"line":11,"column":4},"end":{"line":17,"column":null}},{"start":{},"end":{}}],"line":11},"1":{"loc":{"start":{"line":13,"column":6},"end":{"line":15,"column":null}},"type":"if","locations":[{"start":{"line":13,"column":6},"end":{"line":15,"column":null}},{"start":{},"end":{}}],"line":13},"2":{"loc":{"start":{"line":19,"column":4},"end":{"line":21,"column":null}},"type":"if","locations":[{"start":{"line":19,"column":4},"end":{"line":21,"column":null}},{"start":{},"end":{}}],"line":19},"3":{"loc":{"start":{"line":19,"column":8},"end":{"line":19,"column":46}},"type":"binary-expr","locations":[{"start":{"line":19,"column":8},"end":{"line":19,"column":21}},{"start":{"line":19,"column":21},"end":{"line":19,"column":46}}],"line":19}},"s":{"0":4,"1":0,"2":0,"3":0,"4":0,"5":0,"6":0,"7":0,"8":0,"9":0},"f":{"0":4,"1":0},"b":{"0":[0,0],"1":[0,0],"2":[0,0],"3":[0,0]},"meta":{"lastBranch":4,"lastFunction":2,"lastStatement":10,"seen":{"f:8:16:8:32":0,"s:9:2:23:Infinity":0,"f:9:9:9:16":1,"s:10:23:10:Infinity":1,"b:11:4:17:Infinity:undefined:undefined:undefined:undefined":0,"s:11:4:17:Infinity":2,"b:13:6:15:Infinity:undefined:undefined:undefined:undefined":1,"s:13:6:15:Infinity":3,"s:14:8:14:Infinity":4,"s:16:6:16:Infinity":5,"s:18:21:18:Infinity":6,"b:19:4:21:Infinity:undefined:undefined:undefined:undefined":2,"s:19:4:21:Infinity":7,"b:19:8:19:21:19:21:19:46":3,"s:20:6:20:Infinity":8,"s:22:4:22:Infinity":9}}}
,"/Users/khubair/.openclaw/workspace/percolator-launch/packages/server/src/middleware/rate-limit.ts": {"path":"/Users/khubair/.openclaw/workspace/percolator-launch/packages/server/src/middleware/rate-limit.ts","statementMap":{"0":{"start":{"line":8,"column":20},"end":{"line":8,"column":null}},"1":{"start":{"line":9,"column":21},"end":{"line":9,"column":null}},"2":{"start":{"line":10,"column":18},"end":{"line":10,"column":null}},"3":{"start":{"line":11,"column":19},"end":{"line":11,"column":null}},"4":{"start":{"line":12,"column":20},"end":{"line":12,"column":null}},"5":{"start":{"line":14,"column":0},"end":{"line":18,"column":null}},"6":{"start":{"line":15,"column":14},"end":{"line":15,"column":null}},"7":{"start":{"line":16,"column":2},"end":{"line":16,"column":null}},"8":{"start":{"line":16,"column":36},"end":{"line":16,"column":null}},"9":{"start":{"line":16,"column":58},"end":{"line":16,"column":null}},"10":{"start":{"line":17,"column":2},"end":{"line":17,"column":null}},"11":{"start":{"line":17,"column":37},"end":{"line":17,"column":null}},"12":{"start":{"line":17,"column":59},"end":{"line":17,"column":null}},"13":{"start":{"line":21,"column":2},"end":{"line":21,"column":null}},"14":{"start":{"line":25,"column":14},"end":{"line":25,"column":null}},"15":{"start":{"line":26,"column":15},"end":{"line":26,"column":null}},"16":{"start":{"line":27,"column":2},"end":{"line":30,"column":null}},"17":{"start":{"line":28,"column":4},"end":{"line":28,"column":null}},"18":{"start":{"line":29,"column":4},"end":{"line":29,"column":null}},"19":{"start":{"line":31,"column":2},"end":{"line":31,"column":null}},"20":{"start":{"line":32,"column":2},"end":{"line":32,"column":null}},"21":{"start":{"line":36,"column":2},"end":{"line":41,"column":null}},"22":{"start":{"line":37,"column":4},"end":{"line":39,"column":null}},"23":{"start":{"line":38,"column":6},"end":{"line":38,"column":null}},"24":{"start":{"line":40,"column":4},"end":{"line":40,"column":null}},"25":{"start":{"line":45,"column":2},"end":{"line":50,"column":null}},"26":{"start":{"line":46,"column":4},"end":{"line":48,"column":null}},"27":{"start":{"line":47,"column":6},"end":{"line":47,"column":null}},"28":{"start":{"line":49,"column":4},"end":{"line":49,"column":null}}},"fnMap":{"0":{"name":"(anonymous_0)","decl":{"start":{"line":14,"column":12},"end":{"line":14,"column":18}},"loc":{"start":{"line":14,"column":18},"end":{"line":18,"column":3}},"line":14},"1":{"name":"getClientIp","decl":{"start":{"line":20,"column":9},"end":{"line":20,"column":21}},"loc":{"start":{"line":20,"column":41},"end":{"line":22,"column":null}},"line":20},"2":{"name":"checkLimit","decl":{"start":{"line":24,"column":9},"end":{"line":24,"column":20}},"loc":{"start":{"line":24,"column":90},"end":{"line":33,"column":null}},"line":24},"3":{"name":"readRateLimit","decl":{"start":{"line":35,"column":16},"end":{"line":35,"column":32}},"loc":{"start":{"line":35,"column":32},"end":{"line":42,"column":null}},"line":35},"4":{"name":"(anonymous_4)","decl":{"start":{"line":36,"column":9},"end":{"line":36,"column":16}},"loc":{"start":{"line":36,"column":43},"end":{"line":41,"column":null}},"line":36},"5":{"name":"writeRateLimit","decl":{"start":{"line":44,"column":16},"end":{"line":44,"column":33}},"loc":{"start":{"line":44,"column":33},"end":{"line":51,"column":null}},"line":44},"6":{"name":"(anonymous_6)","decl":{"start":{"line":45,"column":9},"end":{"line":45,"column":16}},"loc":{"start":{"line":45,"column":43},"end":{"line":50,"column":null}},"line":45}},"branchMap":{"0":{"loc":{"start":{"line":16,"column":36},"end":{"line":16,"column":null}},"type":"if","locations":[{"start":{"line":16,"column":36},"end":{"line":16,"column":null}},{"start":{},"end":{}}],"line":16},"1":{"loc":{"start":{"line":17,"column":37},"end":{"line":17,"column":null}},"type":"if","locations":[{"start":{"line":17,"column":37},"end":{"line":17,"column":null}},{"start":{},"end":{}}],"line":17},"2":{"loc":{"start":{"line":21,"column":9},"end":{"line":21,"column":null}},"type":"binary-expr","locations":[{"start":{"line":21,"column":9},"end":{"line":21,"column":67}},{"start":{"line":21,"column":67},"end":{"line":21,"column":null}}],"line":21},"3":{"loc":{"start":{"line":27,"column":2},"end":{"line":30,"column":null}},"type":"if","locations":[{"start":{"line":27,"column":2},"end":{"line":30,"column":null}},{"start":{},"end":{}}],"line":27},"4":{"loc":{"start":{"line":27,"column":6},"end":{"line":27,"column":40}},"type":"binary-expr","locations":[{"start":{"line":27,"column":6},"end":{"line":27,"column":17}},{"start":{"line":27,"column":17},"end":{"line":27,"column":40}}],"line":27},"5":{"loc":{"start":{"line":37,"column":4},"end":{"line":39,"column":null}},"type":"if","locations":[{"start":{"line":37,"column":4},"end":{"line":39,"column":null}},{"start":{},"end":{}}],"line":37},"6":{"loc":{"start":{"line":46,"column":4},"end":{"line":48,"column":null}},"type":"if","locations":[{"start":{"line":46,"column":4},"end":{"line":48,"column":null}},{"start":{},"end":{}}],"line":46}},"s":{"0":1,"1":1,"2":1,"3":1,"4":1,"5":1,"6":0,"7":0,"8":0,"9":0,"10":0,"11":0,"12":0,"13":69,"14":69,"15":69,"16":69,"17":3,"18":3,"19":69,"20":69,"21":68,"22":68,"23":5,"24":63,"25":1,"26":1,"27":0,"28":1},"f":{"0":0,"1":69,"2":69,"3":68,"4":68,"5":1,"6":1},"b":{"0":[0,0],"1":[0,0],"2":[69,4],"3":[3,66],"4":[69,66],"5":[5,63],"6":[0,1]},"meta":{"lastBranch":7,"lastFunction":7,"lastStatement":29,"seen":{"s:8:20:8:Infinity":0,"s:9:21:9:Infinity":1,"s:10:18:10:Infinity":2,"s:11:19:11:Infinity":3,"s:12:20:12:Infinity":4,"s:14:0:18:Infinity":5,"f:14:12:14:18":0,"s:15:14:15:Infinity":6,"s:16:2:16:Infinity":7,"b:16:36:16:Infinity:undefined:undefined:undefined:undefined":0,"s:16:36:16:Infinity":8,"s:16:58:16:Infinity":9,"s:17:2:17:Infinity":10,"b:17:37:17:Infinity:undefined:undefined:undefined:undefined":1,"s:17:37:17:Infinity":11,"s:17:59:17:Infinity":12,"f:20:9:20:21":1,"s:21:2:21:Infinity":13,"b:21:9:21:67:21:67:21:Infinity":2,"f:24:9:24:20":2,"s:25:14:25:Infinity":14,"s:26:15:26:Infinity":15,"b:27:2:30:Infinity:undefined:undefined:undefined:undefined":3,"s:27:2:30:Infinity":16,"b:27:6:27:17:27:17:27:40":4,"s:28:4:28:Infinity":17,"s:29:4:29:Infinity":18,"s:31:2:31:Infinity":19,"s:32:2:32:Infinity":20,"f:35:16:35:32":3,"s:36:2:41:Infinity":21,"f:36:9:36:16":4,"b:37:4:39:Infinity:undefined:undefined:undefined:undefined":5,"s:37:4:39:Infinity":22,"s:38:6:38:Infinity":23,"s:40:4:40:Infinity":24,"f:44:16:44:33":5,"s:45:2:50:Infinity":25,"f:45:9:45:16":6,"b:46:4:48:Infinity:undefined:undefined:undefined:undefined":6,"s:46:4:48:Infinity":26,"s:47:6:47:Infinity":27,"s:49:4:49:Infinity":28}}}
,"/Users/khubair/.openclaw/workspace/percolator-launch/packages/server/src/middleware/validateSlab.ts": {"path":"/Users/khubair/.openclaw/workspace/percolator-launch/packages/server/src/middleware/validateSlab.ts","statementMap":{"0":{"start":{"line":9,"column":15},"end":{"line":9,"column":null}},"1":{"start":{"line":10,"column":2},"end":{"line":10,"column":null}},"2":{"start":{"line":10,"column":13},"end":{"line":10,"column":null}},"3":{"start":{"line":12,"column":2},"end":{"line":16,"column":null}},"4":{"start":{"line":13,"column":4},"end":{"line":13,"column":null}},"5":{"start":{"line":15,"column":4},"end":{"line":15,"column":null}},"6":{"start":{"line":18,"column":2},"end":{"line":18,"column":null}}},"fnMap":{"0":{"name":"validateSlab","decl":{"start":{"line":8,"column":22},"end":{"line":8,"column":35}},"loc":{"start":{"line":8,"column":59},"end":{"line":19,"column":null}},"line":8}},"branchMap":{"0":{"loc":{"start":{"line":10,"column":2},"end":{"line":10,"column":null}},"type":"if","locations":[{"start":{"line":10,"column":2},"end":{"line":10,"column":null}},{"start":{},"end":{}}],"line":10}},"s":{"0":0,"1":0,"2":0,"3":0,"4":0,"5":0,"6":0},"f":{"0":0},"b":{"0":[0,0]},"meta":{"lastBranch":1,"lastFunction":1,"lastStatement":7,"seen":{"f:8:22:8:35":0,"s:9:15:9:Infinity":0,"b:10:2:10:Infinity:undefined:undefined:undefined:undefined":0,"s:10:2:10:Infinity":1,"s:10:13:10:Infinity":2,"s:12:2:16:Infinity":3,"s:13:4:13:Infinity":4,"s:15:4:15:Infinity":5,"s:18:2:18:Infinity":6}}}
,"/Users/khubair/.openclaw/workspace/percolator-launch/packages/server/src/routes/crank.ts": {"path":"/Users/khubair/.openclaw/workspace/percolator-launch/packages/server/src/routes/crank.ts","statementMap":{"0":{"start":{"line":7,"column":14},"end":{"line":7,"column":null}},"1":{"start":{"line":10,"column":2},"end":{"line":12,"column":null}},"2":{"start":{"line":11,"column":4},"end":{"line":11,"column":null}},"3":{"start":{"line":16,"column":2},"end":{"line":19,"column":null}},"4":{"start":{"line":17,"column":19},"end":{"line":17,"column":null}},"5":{"start":{"line":18,"column":4},"end":{"line":18,"column":null}},"6":{"start":{"line":22,"column":2},"end":{"line":26,"column":null}},"7":{"start":{"line":23,"column":17},"end":{"line":23,"column":null}},"8":{"start":{"line":24,"column":15},"end":{"line":24,"column":null}},"9":{"start":{"line":25,"column":4},"end":{"line":25,"column":null}},"10":{"start":{"line":28,"column":2},"end":{"line":28,"column":null}}},"fnMap":{"0":{"name":"crankRoutes","decl":{"start":{"line":6,"column":16},"end":{"line":6,"column":28}},"loc":{"start":{"line":6,"column":72},"end":{"line":29,"column":null}},"line":6},"1":{"name":"(anonymous_1)","decl":{"start":{"line":10,"column":27},"end":{"line":10,"column":28}},"loc":{"start":{"line":10,"column":34},"end":{"line":12,"column":3}},"line":10},"2":{"name":"(anonymous_2)","decl":{"start":{"line":16,"column":42},"end":{"line":16,"column":49}},"loc":{"start":{"line":16,"column":55},"end":{"line":19,"column":3}},"line":16},"3":{"name":"(anonymous_3)","decl":{"start":{"line":22,"column":58},"end":{"line":22,"column":65}},"loc":{"start":{"line":22,"column":71},"end":{"line":26,"column":3}},"line":22}},"branchMap":{},"s":{"0":1,"1":1,"2":0,"3":1,"4":0,"5":0,"6":1,"7":0,"8":0,"9":0,"10":1},"f":{"0":1,"1":0,"2":0,"3":0},"b":{},"meta":{"lastBranch":0,"lastFunction":4,"lastStatement":11,"seen":{"f:6:16:6:28":0,"s:7:14:7:Infinity":0,"s:10:2:12:Infinity":1,"f:10:27:10:28":1,"s:11:4:11:Infinity":2,"s:16:2:19:Infinity":3,"f:16:42:16:49":2,"s:17:19:17:Infinity":4,"s:18:4:18:Infinity":5,"s:22:2:26:Infinity":6,"f:22:58:22:65":3,"s:23:17:23:Infinity":7,"s:24:15:24:Infinity":8,"s:25:4:25:Infinity":9,"s:28:2:28:Infinity":10}}}
,"/Users/khubair/.openclaw/workspace/percolator-launch/packages/server/src/routes/health.ts": {"path":"/Users/khubair/.openclaw/workspace/percolator-launch/packages/server/src/routes/health.ts","statementMap":{"0":{"start":{"line":4,"column":18},"end":{"line":4,"column":null}},"1":{"start":{"line":14,"column":14},"end":{"line":14,"column":null}},"2":{"start":{"line":16,"column":2},"end":{"line":63,"column":null}},"3":{"start":{"line":17,"column":23},"end":{"line":17,"column":null}},"4":{"start":{"line":18,"column":48},"end":{"line":18,"column":null}},"5":{"start":{"line":20,"column":4},"end":{"line":27,"column":null}},"6":{"start":{"line":21,"column":20},"end":{"line":21,"column":null}},"7":{"start":{"line":22,"column":6},"end":{"line":22,"column":null}},"8":{"start":{"line":23,"column":6},"end":{"line":23,"column":null}},"9":{"start":{"line":24,"column":6},"end":{"line":24,"column":null}},"10":{"start":{"line":26,"column":6},"end":{"line":26,"column":null}},"11":{"start":{"line":29,"column":47},"end":{"line":29,"column":null}},"12":{"start":{"line":30,"column":21},"end":{"line":30,"column":null}},"13":{"start":{"line":31,"column":23},"end":{"line":31,"column":null}},"14":{"start":{"line":32,"column":4},"end":{"line":38,"column":null}},"15":{"start":{"line":33,"column":6},"end":{"line":33,"column":null}},"16":{"start":{"line":34,"column":6},"end":{"line":34,"column":null}},"17":{"start":{"line":35,"column":6},"end":{"line":35,"column":null}},"18":{"start":{"line":40,"column":60},"end":{"line":40,"column":null}},"19":{"start":{"line":41,"column":4},"end":{"line":45,"column":null}},"20":{"start":{"line":42,"column":6},"end":{"line":42,"column":null}},"21":{"start":{"line":47,"column":26},"end":{"line":47,"column":null}},"22":{"start":{"line":49,"column":4},"end":{"line":62,"column":null}},"23":{"start":{"line":65,"column":2},"end":{"line":65,"column":null}}},"fnMap":{"0":{"name":"healthRoutes","decl":{"start":{"line":6,"column":16},"end":{"line":6,"column":29}},"loc":{"start":{"line":13,"column":9},"end":{"line":66,"column":null}},"line":13},"1":{"name":"(anonymous_1)","decl":{"start":{"line":16,"column":21},"end":{"line":16,"column":28}},"loc":{"start":{"line":16,"column":34},"end":{"line":63,"column":3}},"line":16}},"branchMap":{"0":{"loc":{"start":{"line":24,"column":18},"end":{"line":24,"column":null}},"type":"cond-expr","locations":[{"start":{"line":24,"column":40},"end":{"line":24,"column":47}},{"start":{"line":24,"column":47},"end":{"line":24,"column":null}}],"line":24},"1":{"loc":{"start":{"line":42,"column":26},"end":{"line":42,"column":null}},"type":"binary-expr","locations":[{"start":{"line":42,"column":26},"end":{"line":42,"column":66}},{"start":{"line":42,"column":66},"end":{"line":42,"column":null}}],"line":42},"2":{"loc":{"start":{"line":47,"column":26},"end":{"line":47,"column":null}},"type":"cond-expr","locations":[{"start":{"line":47,"column":49},"end":{"line":47,"column":62}},{"start":{"line":47,"column":62},"end":{"line":47,"column":null}}],"line":47},"3":{"loc":{"start":{"line":55,"column":18},"end":{"line":55,"column":null}},"type":"cond-expr","locations":[{"start":{"line":55,"column":33},"end":{"line":55,"column":45}},{"start":{"line":55,"column":45},"end":{"line":55,"column":null}}],"line":55}},"s":{"0":1,"1":1,"2":1,"3":63,"4":63,"5":63,"6":63,"7":63,"8":63,"9":63,"10":0,"11":63,"12":63,"13":63,"14":63,"15":63,"16":63,"17":63,"18":63,"19":63,"20":63,"21":63,"22":63,"23":1},"f":{"0":1,"1":63},"b":{"0":[63,0],"1":[63,0],"2":[0,63],"3":[0,63]},"meta":{"lastBranch":4,"lastFunction":2,"lastStatement":24,"seen":{"s:4:18:4:Infinity":0,"f:6:16:6:29":0,"s:14:14:14:Infinity":1,"s:16:2:63:Infinity":2,"f:16:21:16:28":1,"s:17:23:17:Infinity":3,"s:18:48:18:Infinity":4,"s:20:4:27:Infinity":5,"s:21:20:21:Infinity":6,"s:22:6:22:Infinity":7,"s:23:6:23:Infinity":8,"s:24:6:24:Infinity":9,"b:24:40:24:47:24:47:24:Infinity":0,"s:26:6:26:Infinity":10,"s:29:47:29:Infinity":11,"s:30:21:30:Infinity":12,"s:31:23:31:Infinity":13,"s:32:4:38:Infinity":14,"s:33:6:33:Infinity":15,"s:34:6:34:Infinity":16,"s:35:6:35:Infinity":17,"s:40:60:40:Infinity":18,"s:41:4:45:Infinity":19,"s:42:6:42:Infinity":20,"b:42:26:42:66:42:66:42:Infinity":1,"s:47:26:47:Infinity":21,"b:47:49:47:62:47:62:47:Infinity":2,"s:49:4:62:Infinity":22,"b:55:33:55:45:55:45:55:Infinity":3,"s:65:2:65:Infinity":23}}}
,"/Users/khubair/.openclaw/workspace/percolator-launch/packages/server/src/routes/insurance.ts": {"path":"/Users/khubair/.openclaw/workspace/percolator-launch/packages/server/src/routes/insurance.ts","statementMap":{"0":{"start":{"line":10,"column":14},"end":{"line":10,"column":null}},"1":{"start":{"line":13,"column":2},"end":{"line":31,"column":null}},"2":{"start":{"line":14,"column":17},"end":{"line":14,"column":null}},"3":{"start":{"line":15,"column":18},"end":{"line":15,"column":null}},"4":{"start":{"line":17,"column":4},"end":{"line":19,"column":null}},"5":{"start":{"line":18,"column":6},"end":{"line":18,"column":null}},"6":{"start":{"line":21,"column":23},"end":{"line":21,"column":null}},"7":{"start":{"line":23,"column":4},"end":{"line":30,"column":null}},"8":{"start":{"line":34,"column":2},"end":{"line":44,"column":null}},"9":{"start":{"line":35,"column":17},"end":{"line":35,"column":null}},"10":{"start":{"line":36,"column":18},"end":{"line":36,"column":null}},"11":{"start":{"line":38,"column":4},"end":{"line":43,"column":null}},"12":{"start":{"line":39,"column":21},"end":{"line":39,"column":null}},"13":{"start":{"line":40,"column":6},"end":{"line":40,"column":null}},"14":{"start":{"line":42,"column":6},"end":{"line":42,"column":null}},"15":{"start":{"line":46,"column":2},"end":{"line":46,"column":null}}},"fnMap":{"0":{"name":"insuranceRoutes","decl":{"start":{"line":9,"column":16},"end":{"line":9,"column":32}},"loc":{"start":{"line":9,"column":59},"end":{"line":47,"column":null}},"line":9},"1":{"name":"(anonymous_1)","decl":{"start":{"line":13,"column":56},"end":{"line":13,"column":63}},"loc":{"start":{"line":13,"column":69},"end":{"line":31,"column":3}},"line":13},"2":{"name":"(anonymous_2)","decl":{"start":{"line":34,"column":63},"end":{"line":34,"column":70}},"loc":{"start":{"line":34,"column":76},"end":{"line":44,"column":3}},"line":34}},"branchMap":{"0":{"loc":{"start":{"line":17,"column":4},"end":{"line":19,"column":null}},"type":"if","locations":[{"start":{"line":17,"column":4},"end":{"line":19,"column":null}},{"start":{},"end":{}}],"line":17},"1":{"loc":{"start":{"line":36,"column":46},"end":{"line":36,"column":72}},"type":"binary-expr","locations":[{"start":{"line":36,"column":46},"end":{"line":36,"column":70}},{"start":{"line":36,"column":70},"end":{"line":36,"column":72}}],"line":36},"2":{"loc":{"start":{"line":42,"column":29},"end":{"line":42,"column":82}},"type":"cond-expr","locations":[{"start":{"line":42,"column":52},"end":{"line":42,"column":66}},{"start":{"line":42,"column":66},"end":{"line":42,"column":82}}],"line":42}},"s":{"0":1,"1":1,"2":0,"3":0,"4":0,"5":0,"6":0,"7":0,"8":1,"9":0,"10":0,"11":0,"12":0,"13":0,"14":0,"15":1},"f":{"0":1,"1":0,"2":0},"b":{"0":[0,0],"1":[0,0],"2":[0,0]},"meta":{"lastBranch":3,"lastFunction":3,"lastStatement":16,"seen":{"f:9:16:9:32":0,"s:10:14:10:Infinity":0,"s:13:2:31:Infinity":1,"f:13:56:13:63":1,"s:14:17:14:Infinity":2,"s:15:18:15:Infinity":3,"b:17:4:19:Infinity:undefined:undefined:undefined:undefined":0,"s:17:4:19:Infinity":4,"s:18:6:18:Infinity":5,"s:21:23:21:Infinity":6,"s:23:4:30:Infinity":7,"s:34:2:44:Infinity":8,"f:34:63:34:70":2,"s:35:17:35:Infinity":9,"s:36:18:36:Infinity":10,"b:36:46:36:70:36:70:36:72":1,"s:38:4:43:Infinity":11,"s:39:21:39:Infinity":12,"s:40:6:40:Infinity":13,"s:42:6:42:Infinity":14,"b:42:52:42:66:42:66:42:82":2,"s:46:2:46:Infinity":15}}}
,"/Users/khubair/.openclaw/workspace/percolator-launch/packages/server/src/routes/markets.ts": {"path":"/Users/khubair/.openclaw/workspace/percolator-launch/packages/server/src/routes/markets.ts","statementMap":{"0":{"start":{"line":17,"column":14},"end":{"line":17,"column":null}},"1":{"start":{"line":20,"column":2},"end":{"line":48,"column":null}},"2":{"start":{"line":21,"column":20},"end":{"line":21,"column":null}},"3":{"start":{"line":22,"column":19},"end":{"line":46,"column":null}},"4":{"start":{"line":23,"column":16},"end":{"line":23,"column":null}},"5":{"start":{"line":24,"column":6},"end":{"line":45,"column":null}},"6":{"start":{"line":47,"column":4},"end":{"line":47,"column":null}},"7":{"start":{"line":51,"column":2},"end":{"line":85,"column":null}},"8":{"start":{"line":52,"column":17},"end":{"line":52,"column":null}},"9":{"start":{"line":53,"column":4},"end":{"line":84,"column":null}},"10":{"start":{"line":54,"column":12},"end":{"line":54,"column":null}},"11":{"start":{"line":55,"column":25},"end":{"line":55,"column":null}},"12":{"start":{"line":56,"column":19},"end":{"line":56,"column":null}},"13":{"start":{"line":57,"column":12},"end":{"line":57,"column":null}},"14":{"start":{"line":58,"column":12},"end":{"line":58,"column":null}},"15":{"start":{"line":59,"column":12},"end":{"line":59,"column":null}},"16":{"start":{"line":61,"column":6},"end":{"line":81,"column":null}},"17":{"start":{"line":83,"column":6},"end":{"line":83,"column":null}},"18":{"start":{"line":88,"column":2},"end":{"line":123,"column":null}},"19":{"start":{"line":89,"column":17},"end":{"line":89,"column":null}},"20":{"start":{"line":92,"column":4},"end":{"line":94,"column":null}},"21":{"start":{"line":93,"column":6},"end":{"line":93,"column":null}},"22":{"start":{"line":95,"column":4},"end":{"line":99,"column":null}},"23":{"start":{"line":96,"column":6},"end":{"line":96,"column":null}},"24":{"start":{"line":98,"column":6},"end":{"line":98,"column":null}},"25":{"start":{"line":102,"column":4},"end":{"line":119,"column":null}},"26":{"start":{"line":103,"column":12},"end":{"line":103,"column":null}},"27":{"start":{"line":104,"column":25},"end":{"line":104,"column":null}},"28":{"start":{"line":105,"column":26},"end":{"line":105,"column":null}},"29":{"start":{"line":106,"column":6},"end":{"line":108,"column":null}},"30":{"start":{"line":107,"column":8},"end":{"line":107,"column":null}},"31":{"start":{"line":110,"column":31},"end":{"line":112,"column":null}},"32":{"start":{"line":111,"column":24},"end":{"line":111,"column":null}},"33":{"start":{"line":113,"column":6},"end":{"line":115,"column":null}},"34":{"start":{"line":114,"column":8},"end":{"line":114,"column":null}},"35":{"start":{"line":117,"column":6},"end":{"line":117,"column":null}},"36":{"start":{"line":117,"column":69},"end":{"line":117,"column":null}},"37":{"start":{"line":118,"column":6},"end":{"line":118,"column":null}},"38":{"start":{"line":121,"column":15},"end":{"line":121,"column":null}},"39":{"start":{"line":122,"column":4},"end":{"line":122,"column":null}},"40":{"start":{"line":128,"column":2},"end":{"line":186,"column":null}},"41":{"start":{"line":129,"column":17},"end":{"line":133,"column":null}},"42":{"start":{"line":135,"column":55},"end":{"line":135,"column":null}},"43":{"start":{"line":137,"column":4},"end":{"line":139,"column":null}},"44":{"start":{"line":138,"column":6},"end":{"line":138,"column":null}},"45":{"start":{"line":142,"column":4},"end":{"line":146,"column":null}},"46":{"start":{"line":143,"column":6},"end":{"line":143,"column":null}},"47":{"start":{"line":145,"column":6},"end":{"line":145,"column":null}},"48":{"start":{"line":149,"column":4},"end":{"line":151,"column":null}},"49":{"start":{"line":150,"column":6},"end":{"line":150,"column":null}},"50":{"start":{"line":154,"column":21},"end":{"line":154,"column":null}},"51":{"start":{"line":155,"column":4},"end":{"line":165,"column":null}},"52":{"start":{"line":156,"column":19},"end":{"line":156,"column":null}},"53":{"start":{"line":157,"column":6},"end":{"line":164,"column":null}},"54":{"start":{"line":168,"column":19},"end":{"line":168,"column":null}},"55":{"start":{"line":169,"column":4},"end":{"line":171,"column":null}},"56":{"start":{"line":170,"column":6},"end":{"line":170,"column":null}},"57":{"start":{"line":174,"column":17},"end":{"line":174,"column":null}},"58":{"start":{"line":176,"column":4},"end":{"line":185,"column":null}},"59":{"start":{"line":188,"column":2},"end":{"line":188,"column":null}}},"fnMap":{"0":{"name":"marketRoutes","decl":{"start":{"line":16,"column":16},"end":{"line":16,"column":29}},"loc":{"start":{"line":16,"column":53},"end":{"line":189,"column":null}},"line":16},"1":{"name":"(anonymous_1)","decl":{"start":{"line":20,"column":22},"end":{"line":20,"column":23}},"loc":{"start":{"line":20,"column":29},"end":{"line":48,"column":3}},"line":20},"2":{"name":"(anonymous_2)","decl":{"start":{"line":22,"column":53},"end":{"line":22,"column":54}},"loc":{"start":{"line":22,"column":71},"end":{"line":46,"column":5}},"line":22},"3":{"name":"(anonymous_3)","decl":{"start":{"line":51,"column":42},"end":{"line":51,"column":49}},"loc":{"start":{"line":51,"column":55},"end":{"line":85,"column":3}},"line":51},"4":{"name":"(anonymous_4)","decl":{"start":{"line":88,"column":40},"end":{"line":88,"column":47}},"loc":{"start":{"line":88,"column":53},"end":{"line":123,"column":3}},"line":88},"5":{"name":"(anonymous_5)","decl":{"start":{"line":111,"column":8},"end":{"line":111,"column":9}},"loc":{"start":{"line":111,"column":24},"end":{"line":111,"column":null}},"line":111},"6":{"name":"(anonymous_6)","decl":{"start":{"line":128,"column":47},"end":{"line":128,"column":54}},"loc":{"start":{"line":128,"column":60},"end":{"line":186,"column":3}},"line":128}},"branchMap":{"0":{"loc":{"start":{"line":37,"column":30},"end":{"line":37,"column":null}},"type":"binary-expr","locations":[{"start":{"line":37,"column":30},"end":{"line":37,"column":77}},{"start":{"line":37,"column":77},"end":{"line":37,"column":null}}],"line":37},"1":{"loc":{"start":{"line":83,"column":29},"end":{"line":83,"column":82}},"type":"cond-expr","locations":[{"start":{"line":83,"column":52},"end":{"line":83,"column":66}},{"start":{"line":83,"column":66},"end":{"line":83,"column":82}}],"line":83},"2":{"loc":{"start":{"line":92,"column":4},"end":{"line":94,"column":null}},"type":"if","locations":[{"start":{"line":92,"column":4},"end":{"line":94,"column":null}},{"start":{},"end":{}}],"line":92},"3":{"loc":{"start":{"line":92,"column":8},"end":{"line":92,"column":67}},"type":"binary-expr","locations":[{"start":{"line":92,"column":8},"end":{"line":92,"column":29}},{"start":{"line":92,"column":29},"end":{"line":92,"column":67}}],"line":92},"4":{"loc":{"start":{"line":106,"column":6},"end":{"line":108,"column":null}},"type":"if","locations":[{"start":{"line":106,"column":6},"end":{"line":108,"column":null}},{"start":{},"end":{}}],"line":106},"5":{"loc":{"start":{"line":113,"column":6},"end":{"line":115,"column":null}},"type":"if","locations":[{"start":{"line":113,"column":6},"end":{"line":115,"column":null}},{"start":{},"end":{}}],"line":113},"6":{"loc":{"start":{"line":117,"column":6},"end":{"line":117,"column":null}},"type":"if","locations":[{"start":{"line":117,"column":6},"end":{"line":117,"column":null}},{"start":{},"end":{}}],"line":117},"7":{"loc":{"start":{"line":117,"column":10},"end":{"line":117,"column":69}},"type":"binary-expr","locations":[{"start":{"line":117,"column":10},"end":{"line":117,"column":34}},{"start":{"line":117,"column":34},"end":{"line":117,"column":69}}],"line":117},"8":{"loc":{"start":{"line":121,"column":76},"end":{"line":121,"column":95}},"type":"binary-expr","locations":[{"start":{"line":121,"column":76},"end":{"line":121,"column":93}},{"start":{"line":121,"column":93},"end":{"line":121,"column":95}}],"line":121},"9":{"loc":{"start":{"line":135,"column":18},"end":{"line":135,"column":38}},"type":"default-arg","locations":[{"start":{"line":135,"column":29},"end":{"line":135,"column":38}}],"line":135},"10":{"loc":{"start":{"line":135,"column":38},"end":{"line":135,"column":51}},"type":"default-arg","locations":[{"start":{"line":135,"column":48},"end":{"line":135,"column":51}}],"line":135},"11":{"loc":{"start":{"line":137,"column":4},"end":{"line":139,"column":null}},"type":"if","locations":[{"start":{"line":137,"column":4},"end":{"line":139,"column":null}},{"start":{},"end":{}}],"line":137},"12":{"loc":{"start":{"line":149,"column":4},"end":{"line":151,"column":null}},"type":"if","locations":[{"start":{"line":149,"column":4},"end":{"line":151,"column":null}},{"start":{},"end":{}}],"line":149},"13":{"loc":{"start":{"line":155,"column":4},"end":{"line":165,"column":null}},"type":"if","locations":[{"start":{"line":155,"column":4},"end":{"line":165,"column":null}},{"start":{},"end":{}}],"line":155},"14":{"loc":{"start":{"line":169,"column":4},"end":{"line":171,"column":null}},"type":"if","locations":[{"start":{"line":169,"column":4},"end":{"line":171,"column":null}},{"start":{},"end":{}}],"line":169},"15":{"loc":{"start":{"line":178,"column":12},"end":{"line":184,"column":null}},"type":"cond-expr","locations":[{"start":{"line":178,"column":19},"end":{"line":184,"column":10}},{"start":{"line":184,"column":10},"end":{"line":184,"column":null}}],"line":178}},"s":{"0":1,"1":1,"2":0,"3":0,"4":0,"5":0,"6":0,"7":1,"8":0,"9":0,"10":0,"11":0,"12":0,"13":0,"14":0,"15":0,"16":0,"17":0,"18":1,"19":0,"20":0,"21":0,"22":0,"23":0,"24":0,"25":0,"26":0,"27":0,"28":0,"29":0,"30":0,"31":0,"32":0,"33":0,"34":0,"35":0,"36":0,"37":0,"38":0,"39":0,"40":1,"41":0,"42":0,"43":0,"44":0,"45":0,"46":0,"47":0,"48":0,"49":0,"50":0,"51":0,"52":0,"53":0,"54":0,"55":0,"56":0,"57":0,"58":0,"59":1},"f":{"0":1,"1":0,"2":0,"3":0,"4":0,"5":0,"6":0},"b":{"0":[0,0],"1":[0,0],"2":[0,0],"3":[0,0],"4":[0,0],"5":[0,0],"6":[0,0],"7":[0,0],"8":[0,0],"9":[0],"10":[0],"11":[0,0],"12":[0,0],"13":[0,0],"14":[0,0],"15":[0,0]},"meta":{"lastBranch":16,"lastFunction":7,"lastStatement":60,"seen":{"f:16:16:16:29":0,"s:17:14:17:Infinity":0,"s:20:2:48:Infinity":1,"f:20:22:20:23":1,"s:21:20:21:Infinity":2,"s:22:19:46:Infinity":3,"f:22:53:22:54":2,"s:23:16:23:Infinity":4,"s:24:6:45:Infinity":5,"b:37:30:37:77:37:77:37:Infinity":0,"s:47:4:47:Infinity":6,"s:51:2:85:Infinity":7,"f:51:42:51:49":3,"s:52:17:52:Infinity":8,"s:53:4:84:Infinity":9,"s:54:12:54:Infinity":10,"s:55:25:55:Infinity":11,"s:56:19:56:Infinity":12,"s:57:12:57:Infinity":13,"s:58:12:58:Infinity":14,"s:59:12:59:Infinity":15,"s:61:6:81:Infinity":16,"s:83:6:83:Infinity":17,"b:83:52:83:66:83:66:83:82":1,"s:88:2:123:Infinity":18,"f:88:40:88:47":4,"s:89:17:89:Infinity":19,"b:92:4:94:Infinity:undefined:undefined:undefined:undefined":2,"s:92:4:94:Infinity":20,"b:92:8:92:29:92:29:92:67":3,"s:93:6:93:Infinity":21,"s:95:4:99:Infinity":22,"s:96:6:96:Infinity":23,"s:98:6:98:Infinity":24,"s:102:4:119:Infinity":25,"s:103:12:103:Infinity":26,"s:104:25:104:Infinity":27,"s:105:26:105:Infinity":28,"b:106:6:108:Infinity:undefined:undefined:undefined:undefined":4,"s:106:6:108:Infinity":29,"s:107:8:107:Infinity":30,"s:110:31:112:Infinity":31,"f:111:8:111:9":5,"s:111:24:111:Infinity":32,"b:113:6:115:Infinity:undefined:undefined:undefined:undefined":5,"s:113:6:115:Infinity":33,"s:114:8:114:Infinity":34,"b:117:6:117:Infinity:undefined:undefined:undefined:undefined":6,"s:117:6:117:Infinity":35,"b:117:10:117:34:117:34:117:69":7,"s:117:69:117:Infinity":36,"s:118:6:118:Infinity":37,"s:121:15:121:Infinity":38,"b:121:76:121:93:121:93:121:95":8,"s:122:4:122:Infinity":39,"s:128:2:186:Infinity":40,"f:128:47:128:54":6,"s:129:17:133:Infinity":41,"s:135:55:135:Infinity":42,"b:135:29:135:38":9,"b:135:48:135:51":10,"b:137:4:139:Infinity:undefined:undefined:undefined:undefined":11,"s:137:4:139:Infinity":43,"s:138:6:138:Infinity":44,"s:142:4:146:Infinity":45,"s:143:6:143:Infinity":46,"s:145:6:145:Infinity":47,"b:149:4:151:Infinity:undefined:undefined:undefined:undefined":12,"s:149:4:151:Infinity":48,"s:150:6:150:Infinity":49,"s:154:21:154:Infinity":50,"b:155:4:165:Infinity:undefined:undefined:undefined:undefined":13,"s:155:4:165:Infinity":51,"s:156:19:156:Infinity":52,"s:157:6:164:Infinity":53,"s:168:19:168:Infinity":54,"b:169:4:171:Infinity:undefined:undefined:undefined:undefined":14,"s:169:4:171:Infinity":55,"s:170:6:170:Infinity":56,"s:174:17:174:Infinity":57,"s:176:4:185:Infinity":58,"b:178:19:184:10:184:10:184:Infinity":15,"s:188:2:188:Infinity":59}}}
,"/Users/khubair/.openclaw/workspace/percolator-launch/packages/server/src/routes/oracle-router.ts": {"path":"/Users/khubair/.openclaw/workspace/percolator-launch/packages/server/src/routes/oracle-router.ts","statementMap":{"0":{"start":{"line":5,"column":14},"end":{"line":5,"column":null}},"1":{"start":{"line":6,"column":21},"end":{"line":6,"column":null}},"2":{"start":{"line":7,"column":23},"end":{"line":7,"column":null}},"3":{"start":{"line":10,"column":14},"end":{"line":10,"column":null}},"4":{"start":{"line":13,"column":2},"end":{"line":48,"column":null}},"5":{"start":{"line":14,"column":17},"end":{"line":14,"column":null}},"6":{"start":{"line":17,"column":4},"end":{"line":19,"column":null}},"7":{"start":{"line":18,"column":6},"end":{"line":18,"column":null}},"8":{"start":{"line":22,"column":16},"end":{"line":22,"column":null}},"9":{"start":{"line":23,"column":4},"end":{"line":25,"column":null}},"10":{"start":{"line":24,"column":6},"end":{"line":24,"column":null}},"11":{"start":{"line":24,"column":34},"end":{"line":24,"column":null}},"12":{"start":{"line":28,"column":19},"end":{"line":28,"column":null}},"13":{"start":{"line":29,"column":4},"end":{"line":31,"column":null}},"14":{"start":{"line":30,"column":6},"end":{"line":30,"column":null}},"15":{"start":{"line":33,"column":4},"end":{"line":47,"column":null}},"16":{"start":{"line":34,"column":21},"end":{"line":34,"column":null}},"17":{"start":{"line":37,"column":6},"end":{"line":41,"column":null}},"18":{"start":{"line":39,"column":26},"end":{"line":39,"column":null}},"19":{"start":{"line":40,"column":8},"end":{"line":40,"column":null}},"20":{"start":{"line":40,"column":23},"end":{"line":40,"column":null}},"21":{"start":{"line":42,"column":6},"end":{"line":42,"column":null}},"22":{"start":{"line":44,"column":6},"end":{"line":44,"column":null}},"23":{"start":{"line":46,"column":6},"end":{"line":46,"column":null}},"24":{"start":{"line":50,"column":2},"end":{"line":50,"column":null}}},"fnMap":{"0":{"name":"oracleRouterRoutes","decl":{"start":{"line":9,"column":16},"end":{"line":9,"column":43}},"loc":{"start":{"line":9,"column":43},"end":{"line":51,"column":null}},"line":9},"1":{"name":"(anonymous_1)","decl":{"start":{"line":13,"column":35},"end":{"line":13,"column":42}},"loc":{"start":{"line":13,"column":48},"end":{"line":48,"column":3}},"line":13}},"branchMap":{"0":{"loc":{"start":{"line":17,"column":4},"end":{"line":19,"column":null}},"type":"if","locations":[{"start":{"line":17,"column":4},"end":{"line":19,"column":null}},{"start":{},"end":{}}],"line":17},"1":{"loc":{"start":{"line":17,"column":8},"end":{"line":17,"column":55}},"type":"binary-expr","locations":[{"start":{"line":17,"column":8},"end":{"line":17,"column":17}},{"start":{"line":17,"column":17},"end":{"line":17,"column":37}},{"start":{"line":17,"column":37},"end":{"line":17,"column":55}}],"line":17},"2":{"loc":{"start":{"line":24,"column":6},"end":{"line":24,"column":null}},"type":"if","locations":[{"start":{"line":24,"column":6},"end":{"line":24,"column":null}},{"start":{},"end":{}}],"line":24},"3":{"loc":{"start":{"line":29,"column":4},"end":{"line":31,"column":null}},"type":"if","locations":[{"start":{"line":29,"column":4},"end":{"line":31,"column":null}},{"start":{},"end":{}}],"line":29},"4":{"loc":{"start":{"line":29,"column":8},"end":{"line":29,"column":42}},"type":"binary-expr","locations":[{"start":{"line":29,"column":8},"end":{"line":29,"column":18}},{"start":{"line":29,"column":18},"end":{"line":29,"column":42}}],"line":29},"5":{"loc":{"start":{"line":37,"column":6},"end":{"line":41,"column":null}},"type":"if","locations":[{"start":{"line":37,"column":6},"end":{"line":41,"column":null}},{"start":{},"end":{}}],"line":37},"6":{"loc":{"start":{"line":40,"column":8},"end":{"line":40,"column":null}},"type":"if","locations":[{"start":{"line":40,"column":8},"end":{"line":40,"column":null}},{"start":{},"end":{}}],"line":40},"7":{"loc":{"start":{"line":46,"column":29},"end":{"line":46,"column":79}},"type":"binary-expr","locations":[{"start":{"line":46,"column":29},"end":{"line":46,"column":44}},{"start":{"line":46,"column":44},"end":{"line":46,"column":79}}],"line":46}},"s":{"0":1,"1":1,"2":1,"3":1,"4":1,"5":0,"6":0,"7":0,"8":0,"9":0,"10":0,"11":0,"12":0,"13":0,"14":0,"15":0,"16":0,"17":0,"18":0,"19":0,"20":0,"21":0,"22":0,"23":0,"24":1},"f":{"0":1,"1":0},"b":{"0":[0,0],"1":[0,0,0],"2":[0,0],"3":[0,0],"4":[0,0],"5":[0,0],"6":[0,0],"7":[0,0]},"meta":{"lastBranch":8,"lastFunction":2,"lastStatement":25,"seen":{"s:5:14:5:Infinity":0,"s:6:21:6:Infinity":1,"s:7:23:7:Infinity":2,"f:9:16:9:43":0,"s:10:14:10:Infinity":3,"s:13:2:48:Infinity":4,"f:13:35:13:42":1,"s:14:17:14:Infinity":5,"b:17:4:19:Infinity:undefined:undefined:undefined:undefined":0,"s:17:4:19:Infinity":6,"b:17:8:17:17:17:17:17:37:17:37:17:55":1,"s:18:6:18:Infinity":7,"s:22:16:22:Infinity":8,"s:23:4:25:Infinity":9,"b:24:6:24:Infinity:undefined:undefined:undefined:undefined":2,"s:24:6:24:Infinity":10,"s:24:34:24:Infinity":11,"s:28:19:28:Infinity":12,"b:29:4:31:Infinity:undefined:undefined:undefined:undefined":3,"s:29:4:31:Infinity":13,"b:29:8:29:18:29:18:29:42":4,"s:30:6:30:Infinity":14,"s:33:4:47:Infinity":15,"s:34:21:34:Infinity":16,"b:37:6:41:Infinity:undefined:undefined:undefined:undefined":5,"s:37:6:41:Infinity":17,"s:39:26:39:Infinity":18,"b:40:8:40:Infinity:undefined:undefined:undefined:undefined":6,"s:40:8:40:Infinity":19,"s:40:23:40:Infinity":20,"s:42:6:42:Infinity":21,"s:44:6:44:Infinity":22,"s:46:6:46:Infinity":23,"b:46:29:46:44:46:44:46:79":7,"s:50:2:50:Infinity":24}}}
,"/Users/khubair/.openclaw/workspace/percolator-launch/packages/server/src/routes/prices.ts": {"path":"/Users/khubair/.openclaw/workspace/percolator-launch/packages/server/src/routes/prices.ts","statementMap":{"0":{"start":{"line":10,"column":14},"end":{"line":10,"column":null}},"1":{"start":{"line":13,"column":2},"end":{"line":22,"column":null}},"2":{"start":{"line":14,"column":22},"end":{"line":14,"column":null}},"3":{"start":{"line":15,"column":20},"end":{"line":20,"column":null}},"4":{"start":{"line":15,"column":70},"end":{"line":20,"column":6}},"5":{"start":{"line":21,"column":4},"end":{"line":21,"column":null}},"6":{"start":{"line":25,"column":2},"end":{"line":56,"column":null}},"7":{"start":{"line":26,"column":17},"end":{"line":26,"column":null}},"8":{"start":{"line":29,"column":24},"end":{"line":29,"column":null}},"9":{"start":{"line":30,"column":24},"end":{"line":30,"column":null}},"10":{"start":{"line":31,"column":18},"end":{"line":31,"column":null}},"11":{"start":{"line":33,"column":4},"end":{"line":35,"column":null}},"12":{"start":{"line":34,"column":6},"end":{"line":34,"column":null}},"13":{"start":{"line":37,"column":18},"end":{"line":37,"column":null}},"14":{"start":{"line":39,"column":4},"end":{"line":55,"column":null}},"15":{"start":{"line":59,"column":2},"end":{"line":75,"column":null}},"16":{"start":{"line":60,"column":17},"end":{"line":60,"column":null}},"17":{"start":{"line":63,"column":26},"end":{"line":63,"column":null}},"18":{"start":{"line":64,"column":26},"end":{"line":64,"column":null}},"19":{"start":{"line":65,"column":20},"end":{"line":65,"column":null}},"20":{"start":{"line":67,"column":4},"end":{"line":74,"column":null}},"21":{"start":{"line":69,"column":34},"end":{"line":73,"column":8}},"22":{"start":{"line":77,"column":2},"end":{"line":77,"column":null}}},"fnMap":{"0":{"name":"priceRoutes","decl":{"start":{"line":6,"column":16},"end":{"line":6,"column":28}},"loc":{"start":{"line":9,"column":9},"end":{"line":78,"column":null}},"line":9},"1":{"name":"(anonymous_1)","decl":{"start":{"line":13,"column":29},"end":{"line":13,"column":30}},"loc":{"start":{"line":13,"column":36},"end":{"line":22,"column":3}},"line":13},"2":{"name":"(anonymous_2)","decl":{"start":{"line":15,"column":50},"end":{"line":15,"column":51}},"loc":{"start":{"line":15,"column":70},"end":{"line":20,"column":6}},"line":15},"3":{"name":"(anonymous_3)","decl":{"start":{"line":25,"column":41},"end":{"line":25,"column":42}},"loc":{"start":{"line":25,"column":48},"end":{"line":56,"column":3}},"line":25},"4":{"name":"(anonymous_4)","decl":{"start":{"line":59,"column":49},"end":{"line":59,"column":50}},"loc":{"start":{"line":59,"column":56},"end":{"line":75,"column":3}},"line":59},"5":{"name":"(anonymous_5)","decl":{"start":{"line":69,"column":26},"end":{"line":69,"column":27}},"loc":{"start":{"line":69,"column":34},"end":{"line":73,"column":8}},"line":69}},"branchMap":{"0":{"loc":{"start":{"line":31,"column":18},"end":{"line":31,"column":null}},"type":"binary-expr","locations":[{"start":{"line":31,"column":18},"end":{"line":31,"column":33}},{"start":{"line":31,"column":33},"end":{"line":31,"column":null}}],"line":31},"1":{"loc":{"start":{"line":33,"column":4},"end":{"line":35,"column":null}},"type":"if","locations":[{"start":{"line":33,"column":4},"end":{"line":35,"column":null}},{"start":{},"end":{}}],"line":33},"2":{"loc":{"start":{"line":44,"column":13},"end":{"line":54,"column":null}},"type":"cond-expr","locations":[{"start":{"line":45,"column":10},"end":{"line":53,"column":null}},{"start":{"line":54,"column":10},"end":{"line":54,"column":null}}],"line":44},"3":{"loc":{"start":{"line":50,"column":14},"end":{"line":52,"column":null}},"type":"cond-expr","locations":[{"start":{"line":51,"column":18},"end":{"line":51,"column":null}},{"start":{"line":52,"column":18},"end":{"line":52,"column":null}}],"line":50},"4":{"loc":{"start":{"line":65,"column":20},"end":{"line":65,"column":null}},"type":"cond-expr","locations":[{"start":{"line":65,"column":47},"end":{"line":65,"column":63}},{"start":{"line":65,"column":63},"end":{"line":65,"column":null}}],"line":65}},"s":{"0":1,"1":1,"2":0,"3":0,"4":0,"5":0,"6":1,"7":0,"8":0,"9":0,"10":0,"11":0,"12":0,"13":0,"14":0,"15":1,"16":0,"17":0,"18":0,"19":0,"20":0,"21":0,"22":1},"f":{"0":1,"1":0,"2":0,"3":0,"4":0,"5":0},"b":{"0":[0,0],"1":[0,0],"2":[0,0],"3":[0,0],"4":[0,0]},"meta":{"lastBranch":5,"lastFunction":6,"lastStatement":23,"seen":{"f:6:16:6:28":0,"s:10:14:10:Infinity":0,"s:13:2:22:Infinity":1,"f:13:29:13:30":1,"s:14:22:14:Infinity":2,"s:15:20:20:Infinity":3,"f:15:50:15:51":2,"s:15:70:20:6":4,"s:21:4:21:Infinity":5,"s:25:2:56:Infinity":6,"f:25:41:25:42":3,"s:26:17:26:Infinity":7,"s:29:24:29:Infinity":8,"s:30:24:30:Infinity":9,"s:31:18:31:Infinity":10,"b:31:18:31:33:31:33:31:Infinity":0,"b:33:4:35:Infinity:undefined:undefined:undefined:undefined":1,"s:33:4:35:Infinity":11,"s:34:6:34:Infinity":12,"s:37:18:37:Infinity":13,"s:39:4:55:Infinity":14,"b:45:10:53:Infinity:54:10:54:Infinity":2,"b:51:18:51:Infinity:52:18:52:Infinity":3,"s:59:2:75:Infinity":15,"f:59:49:59:50":4,"s:60:17:60:Infinity":16,"s:63:26:63:Infinity":17,"s:64:26:64:Infinity":18,"s:65:20:65:Infinity":19,"b:65:47:65:63:65:63:65:Infinity":4,"s:67:4:74:Infinity":20,"f:69:26:69:27":5,"s:69:34:73:8":21,"s:77:2:77:Infinity":22}}}
,"/Users/khubair/.openclaw/workspace/percolator-launch/packages/server/src/routes/ws.ts": {"path":"/Users/khubair/.openclaw/workspace/percolator-launch/packages/server/src/routes/ws.ts","statementMap":{"0":{"start":{"line":8,"column":27},"end":{"line":8,"column":null}},"1":{"start":{"line":9,"column":25},"end":{"line":9,"column":null}},"2":{"start":{"line":10,"column":37},"end":{"line":10,"column":null}},"3":{"start":{"line":11,"column":33},"end":{"line":11,"column":null}},"4":{"start":{"line":21,"column":30},"end":{"line":21,"column":null}},"5":{"start":{"line":24,"column":30},"end":{"line":24,"column":null}},"6":{"start":{"line":31,"column":14},"end":{"line":31,"column":null}},"7":{"start":{"line":33,"column":18},"end":{"line":33,"column":null}},"8":{"start":{"line":36,"column":2},"end":{"line":54,"column":null}},"9":{"start":{"line":37,"column":16},"end":{"line":42,"column":null}},"10":{"start":{"line":44,"column":4},"end":{"line":53,"column":null}},"11":{"start":{"line":45,"column":6},"end":{"line":52,"column":null}},"12":{"start":{"line":50,"column":8},"end":{"line":50,"column":null}},"13":{"start":{"line":50,"column":57},"end":{"line":50,"column":null}},"14":{"start":{"line":51,"column":8},"end":{"line":51,"column":null}},"15":{"start":{"line":56,"column":2},"end":{"line":148,"column":null}},"16":{"start":{"line":58,"column":4},"end":{"line":61,"column":null}},"17":{"start":{"line":59,"column":6},"end":{"line":59,"column":null}},"18":{"start":{"line":60,"column":6},"end":{"line":60,"column":null}},"19":{"start":{"line":64,"column":29},"end":{"line":64,"column":null}},"20":{"start":{"line":65,"column":4},"end":{"line":65,"column":null}},"21":{"start":{"line":68,"column":4},"end":{"line":70,"column":null}},"22":{"start":{"line":69,"column":6},"end":{"line":69,"column":null}},"23":{"start":{"line":72,"column":4},"end":{"line":81,"column":null}},"24":{"start":{"line":73,"column":6},"end":{"line":78,"column":null}},"25":{"start":{"line":75,"column":8},"end":{"line":75,"column":null}},"26":{"start":{"line":76,"column":8},"end":{"line":76,"column":null}},"27":{"start":{"line":77,"column":8},"end":{"line":77,"column":null}},"28":{"start":{"line":79,"column":6},"end":{"line":79,"column":null}},"29":{"start":{"line":80,"column":6},"end":{"line":80,"column":null}},"30":{"start":{"line":83,"column":4},"end":{"line":83,"column":null}},"31":{"start":{"line":85,"column":4},"end":{"line":136,"column":null}},"32":{"start":{"line":86,"column":6},"end":{"line":135,"column":null}},"33":{"start":{"line":87,"column":20},"end":{"line":87,"column":null}},"34":{"start":{"line":88,"column":8},"end":{"line":132,"column":null}},"35":{"start":{"line":90,"column":10},"end":{"line":93,"column":null}},"36":{"start":{"line":91,"column":12},"end":{"line":91,"column":null}},"37":{"start":{"line":92,"column":12},"end":{"line":92,"column":null}},"38":{"start":{"line":96,"column":10},"end":{"line":99,"column":null}},"39":{"start":{"line":97,"column":12},"end":{"line":97,"column":null}},"40":{"start":{"line":98,"column":12},"end":{"line":98,"column":null}},"41":{"start":{"line":101,"column":10},"end":{"line":101,"column":null}},"42":{"start":{"line":102,"column":10},"end":{"line":102,"column":null}},"43":{"start":{"line":104,"column":10},"end":{"line":106,"column":null}},"44":{"start":{"line":105,"column":12},"end":{"line":105,"column":null}},"45":{"start":{"line":108,"column":10},"end":{"line":108,"column":null}},"46":{"start":{"line":111,"column":30},"end":{"line":111,"column":null}},"47":{"start":{"line":112,"column":30},"end":{"line":112,"column":null}},"48":{"start":{"line":113,"column":24},"end":{"line":113,"column":null}},"49":{"start":{"line":114,"column":10},"end":{"line":126,"column":null}},"50":{"start":{"line":116,"column":12},"end":{"line":125,"column":null}},"51":{"start":{"line":117,"column":14},"end":{"line":124,"column":null}},"52":{"start":{"line":127,"column":8},"end":{"line":132,"column":null}},"53":{"start":{"line":128,"column":10},"end":{"line":130,"column":null}},"54":{"start":{"line":129,"column":12},"end":{"line":129,"column":null}},"55":{"start":{"line":131,"column":10},"end":{"line":131,"column":null}},"56":{"start":{"line":138,"column":4},"end":{"line":147,"column":null}},"57":{"start":{"line":140,"column":6},"end":{"line":142,"column":null}},"58":{"start":{"line":141,"column":8},"end":{"line":141,"column":null}},"59":{"start":{"line":145,"column":6},"end":{"line":145,"column":null}},"60":{"start":{"line":146,"column":6},"end":{"line":146,"column":null}},"61":{"start":{"line":150,"column":2},"end":{"line":150,"column":null}}},"fnMap":{"0":{"name":"setupWebSocket","decl":{"start":{"line":26,"column":16},"end":{"line":26,"column":null}},"loc":{"start":{"line":30,"column":19},"end":{"line":151,"column":null}},"line":30},"1":{"name":"(anonymous_1)","decl":{"start":{"line":36,"column":31},"end":{"line":36,"column":32}},"loc":{"start":{"line":36,"column":49},"end":{"line":54,"column":3}},"line":36},"2":{"name":"(anonymous_2)","decl":{"start":{"line":56,"column":23},"end":{"line":56,"column":24}},"loc":{"start":{"line":56,"column":31},"end":{"line":148,"column":3}},"line":56},"3":{"name":"(anonymous_3)","decl":{"start":{"line":68,"column":18},"end":{"line":68,"column":24}},"loc":{"start":{"line":68,"column":24},"end":{"line":70,"column":5}},"line":68},"4":{"name":"(anonymous_4)","decl":{"start":{"line":72,"column":38},"end":{"line":72,"column":44}},"loc":{"start":{"line":72,"column":44},"end":{"line":81,"column":7}},"line":72},"5":{"name":"(anonymous_5)","decl":{"start":{"line":85,"column":21},"end":{"line":85,"column":22}},"loc":{"start":{"line":85,"column":30},"end":{"line":136,"column":5}},"line":85},"6":{"name":"(anonymous_6)","decl":{"start":{"line":138,"column":19},"end":{"line":138,"column":25}},"loc":{"start":{"line":138,"column":25},"end":{"line":147,"column":5}},"line":138}},"branchMap":{"0":{"loc":{"start":{"line":8,"column":34},"end":{"line":8,"column":71}},"type":"binary-expr","locations":[{"start":{"line":8,"column":34},"end":{"line":8,"column":68}},{"start":{"line":8,"column":68},"end":{"line":8,"column":71}}],"line":8},"1":{"loc":{"start":{"line":45,"column":6},"end":{"line":52,"column":null}},"type":"if","locations":[{"start":{"line":45,"column":6},"end":{"line":52,"column":null}},{"start":{},"end":{}}],"line":45},"2":{"loc":{"start":{"line":46,"column":8},"end":{"line":47,"column":null}},"type":"binary-expr","locations":[{"start":{"line":46,"column":8},"end":{"line":46,"column":null}},{"start":{"line":47,"column":8},"end":{"line":47,"column":null}}],"line":46},"3":{"loc":{"start":{"line":50,"column":8},"end":{"line":50,"column":null}},"type":"if","locations":[{"start":{"line":50,"column":8},"end":{"line":50,"column":null}},{"start":{},"end":{}}],"line":50},"4":{"loc":{"start":{"line":58,"column":4},"end":{"line":61,"column":null}},"type":"if","locations":[{"start":{"line":58,"column":4},"end":{"line":61,"column":null}},{"start":{},"end":{}}],"line":58},"5":{"loc":{"start":{"line":73,"column":6},"end":{"line":78,"column":null}},"type":"if","locations":[{"start":{"line":73,"column":6},"end":{"line":78,"column":null}},{"start":{},"end":{}}],"line":73},"6":{"loc":{"start":{"line":88,"column":8},"end":{"line":132,"column":null}},"type":"if","locations":[{"start":{"line":88,"column":8},"end":{"line":132,"column":null}},{"start":{"line":127,"column":8},"end":{"line":132,"column":null}}],"line":88},"7":{"loc":{"start":{"line":88,"column":12},"end":{"line":88,"column":57}},"type":"binary-expr","locations":[{"start":{"line":88,"column":12},"end":{"line":88,"column":40}},{"start":{"line":88,"column":40},"end":{"line":88,"column":57}}],"line":88},"8":{"loc":{"start":{"line":90,"column":10},"end":{"line":93,"column":null}},"type":"if","locations":[{"start":{"line":90,"column":10},"end":{"line":93,"column":null}},{"start":{},"end":{}}],"line":90},"9":{"loc":{"start":{"line":96,"column":10},"end":{"line":99,"column":null}},"type":"if","locations":[{"start":{"line":96,"column":10},"end":{"line":99,"column":null}},{"start":{},"end":{}}],"line":96},"10":{"loc":{"start":{"line":104,"column":10},"end":{"line":106,"column":null}},"type":"if","locations":[{"start":{"line":104,"column":10},"end":{"line":106,"column":null}},{"start":{},"end":{}}],"line":104},"11":{"loc":{"start":{"line":113,"column":24},"end":{"line":113,"column":null}},"type":"binary-expr","locations":[{"start":{"line":113,"column":24},"end":{"line":113,"column":39}},{"start":{"line":113,"column":39},"end":{"line":113,"column":null}}],"line":113},"12":{"loc":{"start":{"line":114,"column":10},"end":{"line":126,"column":null}},"type":"if","locations":[{"start":{"line":114,"column":10},"end":{"line":126,"column":null}},{"start":{},"end":{}}],"line":114},"13":{"loc":{"start":{"line":116,"column":12},"end":{"line":125,"column":null}},"type":"if","locations":[{"start":{"line":116,"column":12},"end":{"line":12
[...]
l}},{"start":{},"end":{}}],"line":93},"12":{"loc":{"start":{"line":103,"column":4},"end":{"line":103,"column":null}},"type":"if","locations":[{"start":{"line":103,"column":4},"end":{"line":103,"column":null}},{"start":{},"end":{}}],"line":103},"13":{"loc":{"start":{"line":107,"column":43},"end":{"line":107,"column":58}},"type":"default-arg","locations":[{"start":{"line":107,"column":52},"end":{"line":107,"column":58}}],"line":107},"14":{"loc":{"start":{"line":107,"column":58},"end":{"line":107,"column":82}},"type":"default-arg","locations":[{"start":{"line":107,"column":66},"end":{"line":107,"column":82}}],"line":107},"15":{"loc":{"start":{"line":112,"column":2},"end":{"line":115,"column":null}},"type":"if","locations":[{"start":{"line":112,"column":2},"end":{"line":115,"column":null}},{"start":{},"end":{}}],"line":112},"16":{"loc":{"start":{"line":114,"column":11},"end":{"line":114,"column":null}},"type":"binary-expr","locations":[{"start":{"line":114,"column":11},"end":{"line":114,"column":34}},{"start":{"line":114,"column":34},"end":{"line":114,"column":71}},{"start":{"line":114,"column":71},"end":{"line":114,"column":null}}],"line":114},"17":{"loc":{"start":{"line":123,"column":21},"end":{"line":123,"column":null}},"type":"binary-expr","locations":[{"start":{"line":123,"column":21},"end":{"line":123,"column":44}},{"start":{"line":123,"column":44},"end":{"line":123,"column":null}}],"line":123},"18":{"loc":{"start":{"line":124,"column":19},"end":{"line":124,"column":null}},"type":"binary-expr","locations":[{"start":{"line":124,"column":19},"end":{"line":124,"column":40}},{"start":{"line":124,"column":40},"end":{"line":124,"column":null}}],"line":124},"19":{"loc":{"start":{"line":130,"column":6},"end":{"line":133,"column":null}},"type":"if","locations":[{"start":{"line":130,"column":6},"end":{"line":133,"column":null}},{"start":{},"end":{}}],"line":130},"20":{"loc":{"start":{"line":130,"column":10},"end":{"line":130,"column":34}},"type":"binary-expr","locations":[{"start":{"line":130,"column":10},"end":{"line":130,"column":24}},{"start":{"line":130,"column":24},"end":{"line":130,"column":34}}],"line":130},"21":{"loc":{"start":{"line":134,"column":6},"end":{"line":137,"column":null}},"type":"if","locations":[{"start":{"line":134,"column":6},"end":{"line":137,"column":null}},{"start":{"line":137,"column":13},"end":{"line":137,"column":null}}],"line":134}},"s":{"0":1,"1":1,"2":1,"3":1,"4":1,"5":1,"6":1,"7":0,"8":0,"9":0,"10":0,"11":0,"12":0,"13":0,"14":0,"15":23,"16":23,"17":23,"18":2,"19":2,"20":2,"21":1,"22":23,"23":23,"24":0,"25":0,"26":0,"27":1,"28":0,"29":0,"30":0,"31":0,"32":0,"33":0,"34":1,"35":1,"36":63,"37":1,"38":63,"39":0,"40":0,"41":0,"42":1,"43":1,"44":1,"45":0,"46":0,"47":0,"48":0,"49":0,"50":0,"51":0,"52":0,"53":0,"54":0,"55":0,"56":0,"57":0,"58":0,"59":0,"60":0,"61":1,"62":0,"63":0,"64":0,"65":0,"66":0,"67":0,"68":0,"69":0,"70":0,"71":0,"72":0,"73":0,"74":0,"75":0,"76":0,"77":0,"78":0,"79":0,"80":0,"81":0,"82":0,"83":0,"84":0,"85":0,"86":0,"87":0},"f":{"0":0,"1":23,"2":23,"3":0,"4":0,"5":63,"6":0,"7":0,"8":0,"9":0,"10":0,"11":0,"12":0,"13":0},"b":{"0":[0,0],"1":[0,0],"2":[2,21],"3":[23,0,0],"4":[0,0],"5":[0,0],"6":[1,62],"7":[0,0],"8":[0,0],"9":[0,0],"10":[0,0],"11":[0,0],"12":[0,0],"13":[0],"14":[0],"15":[0,0],"16":[0,0,0],"17":[0,0],"18":[0,0],"19":[0,0],"20":[0,0],"21":[0,0]},"meta":{"lastBranch":22,"lastFunction":14,"lastStatement":88,"seen":{"s:4:19:4:Infinity":0,"s:5:27:5:Infinity":1,"s:6:13:6:Infinity":2,"s:7:17:7:Infinity":3,"s:10:26:10:Infinity":4,"s:11:32:11:Infinity":5,"s:12:36:12:Infinity":6,"f:14:9:14:39":0,"s:15:14:15:Infinity":7,"s:16:22:16:Infinity":8,"s:19:2:21:Infinity":9,"b:19:9:19:41:19:41:19:78":0,"s:20:4:20:Infinity":10,"b:24:2:26:Infinity:undefined:undefined:undefined:undefined":1,"s:24:2:26:Infinity":11,"s:25:4:25:Infinity":12,"s:28:2:28:Infinity":13,"s:29:2:29:Infinity":14,"f:32:9:32:30":1,"s:33:14:33:Infinity":15,"s:34:18:34:Infinity":16,"b:35:2:39:Infinity:undefined:undefined:undefined:undefined":2,"s:35:2:39:Infinity":17,"s:36:20:36:Infinity":18,"s:37:4:37:Infinity":19,"s:38:4:38:Infinity":20,"s:42:37:42:Infinity":21,"f:44:9:44:28":2,"s:45:2:45:Infinity":22,"s:46:2:50:Infinity":23,"b:46:9:46:33:46:33:46:47:46:47:46:69":3,"s:47:4:47:Infinity":24,"s:48:20:48:Infinity":25,"s:49:4:49:Infinity":26,"s:53:0:53:Infinity":27,"f:55:22:55:52":3,"s:56:2:56:Infinity":28,"b:57:2:57:Infinity:undefined:undefined:undefined:undefined":4,"s:57:2:57:Infinity":29,"b:57:6:57:20:57:20:57:42":5,"s:57:44:57:54":30,"s:57:54:57:62":31,"s:58:2:58:Infinity":32,"f:58:27:58:28":4,"s:58:42:58:67":33,"s:61:44:61:Infinity":34,"s:62:45:62:Infinity":35,"f:64:16:64:51":5,"b:65:2:65:Infinity:undefined:undefined:undefined:undefined":6,"s:65:2:65:Infinity":36,"s:65:27:65:Infinity":37,"s:66:2:66:Infinity":38,"f:69:16:69:52":6,"b:70:2:70:Infinity:undefined:undefined:undefined:undefined":7,"s:70:2:70:Infinity":39,"s:70:28:70:Infinity":40,"s:71:2:71:Infinity":41,"s:75:21:75:Infinity":42,"s:76:21:76:Infinity":43,"s:77:23:77:Infinity":44,"f:79:16:79:37":7,"s:80:16:80:Infinity":45,"b:81:2:81:Infinity:undefined:undefined:undefined:undefined":8,"s:81:2:81:Infinity":46,"s:81:14:81:Infinity":47,"b:82:2:82:Infinity:undefined:undefined:undefined:undefined":9,"s:82:2:82:Infinity":48,"s:82:53:82:79":49,"s:82:79:82:97":50,"s:83:2:83:Infinity":51,"f:86:16:86:37":8,"s:87:2:87:Infinity":52,"b:89:2:97:Infinity:undefined:undefined:undefined:undefined":10,"s:89:2:97:Infinity":53,"s:90:27:90:Infinity":54,"s:91:18:91:Infinity":55,"s:92:4:96:Infinity":56,"b:93:6:93:Infinity:undefined:undefined:undefined:undefined":11,"s:93:6:93:Infinity":57,"s:93:37:93:Infinity":58,"s:94:6:94:Infinity":59,"s:95:6:95:Infinity":60,"s:100:0:105:Infinity":61,"f:100:12:100:18":9,"s:101:14:101:Infinity":62,"s:102:2:104:Infinity":63,"b:103:4:103:Infinity:undefined:undefined:undefined:undefined":12,"s:103:4:103:Infinity":64,"s:103:46:103:Infinity":65,"f:107:16:107:26":10,"b:107:52:107:58":13,"b:107:66:107:82":14,"s:108:2:108:Infinity":66,"f:111:9:111:15":11,"b:112:2:115:Infinity:undefined:undefined:undefined:undefined":15,"s:112:2:115:Infinity":67,"s:113:16:113:Infinity":68,"s:114:4:114:Infinity":69,"b:114:11:114:34:114:34:114:71:114:71:114:Infinity":16,"s:116:2:116:Infinity":70,"f:119:22:119:Infinity":12,"s:123:21:123:Infinity":71,"b:123:21:123:44:123:44:123:Infinity":17,"s:124:19:124:Infinity":72,"b:124:19:124:40:124:40:124:Infinity":18,"s:125:2:139:Infinity":73,"s:125:21:125:24":74,"s:126:4:126:Infinity":75,"s:127:4:138:Infinity":76,"s:128:6:128:Infinity":77,"b:130:6:133:Infinity:undefined:undefined:undefined:undefined":19,"s:130:6:133:Infinity":78,"b:130:10:130:24:130:24:130:34":20,"s:131:8:132:Infinity":79,"s:131:14:131:56":80,"s:132:21:132:65":81,"b:134:6:137:Infinity:137:13:137:Infinity":21,"s:134:6:137:Infinity":82,"s:135:22:135:Infinity":83,"s:136:8:136:Infinity":84,"f:136:26:136:27":13,"s:136:33:136:53":85,"s:137:15:137:26":86,"s:140:2:140:Infinity":87}}}
,"/Users/khubair/.openclaw/workspace/percolator-launch/packages/server/src/utils/solana.ts": {"path":"/Users/khubair/.openclaw/workspace/percolator-launch/packages/server/src/utils/solana.ts","statementMap":{"0":{"start":{"line":8,"column":29},"end":{"line":8,"column":null}},"1":{"start":{"line":11,"column":18},"end":{"line":11,"column":null}},"2":{"start":{"line":12,"column":2},"end":{"line":15,"column":null}},"3":{"start":{"line":13,"column":16},"end":{"line":13,"column":null}},"4":{"start":{"line":14,"column":4},"end":{"line":14,"column":null}},"5":{"start":{"line":16,"column":2},"end":{"line":16,"column":null}},"6":{"start":{"line":28,"column":2},"end":{"line":55,"column":null}},"7":{"start":{"line":29,"column":4},"end":{"line":29,"column":null}},"8":{"start":{"line":31,"column":23},"end":{"line":31,"column":null}},"9":{"start":{"line":33,"column":4},"end":{"line":36,"column":null}},"10":{"start":{"line":34,"column":6},"end":{"line":34,"column":null}},"11":{"start":{"line":35,"column":6},"end":{"line":35,"column":null}},"12":{"start":{"line":39,"column":19},"end":{"line":41,"column":null}},"13":{"start":{"line":40,"column":16},"end":{"line":40,"column":35}},"14":{"start":{"line":41,"column":22},"end":{"line":41,"column":27}},"15":{"start":{"line":42,"column":21},"end":{"line":42,"column":null}},"16":{"start":{"line":43,"column":24},"end":{"line":43,"column":null}},"17":{"start":{"line":46,"column":21},"end":{"line":46,"column":null}},"18":{"start":{"line":49,"column":29},"end":{"line":49,"column":null}},"19":{"start":{"line":51,"column":4},"end":{"line":51,"column":null}},"20":{"start":{"line":53,"column":4},"end":{"line":53,"column":null}},"21":{"start":{"line":54,"column":4},"end":{"line":54,"column":null}},"22":{"start":{"line":63,"column":21},"end":{"line":63,"column":null}},"23":{"start":{"line":64,"column":2},"end":{"line":68,"column":null}},"24":{"start":{"line":65,"column":4},"end":{"line":67,"column":null}},"25":{"start":{"line":72,"column":2},"end":{"line":75,"column":null}},"26":{"start":{"line":73,"column":16},"end":{"line":73,"column":null}},"27":{"start":{"line":74,"column":4},"end":{"line":74,"column":null}},"28":{"start":{"line":76,"column":2},"end":{"line":76,"column":null}},"29":{"start":{"line":89,"column":25},"end":{"line":89,"column":null}},"30":{"start":{"line":90,"column":2},"end":{"line":92,"column":null}},"31":{"start":{"line":91,"column":4},"end":{"line":91,"column":null}},"32":{"start":{"line":94,"column":16},"end":{"line":94,"column":null}},"33":{"start":{"line":95,"column":2},"end":{"line":104,"column":null}},"34":{"start":{"line":96,"column":4},"end":{"line":96,"column":null}},"35":{"start":{"line":97,"column":17},"end":{"line":97,"column":null}},"36":{"start":{"line":98,"column":19},"end":{"line":98,"column":null}},"37":{"start":{"line":99,"column":4},"end":{"line":102,"column":null}},"38":{"start":{"line":100,"column":6},"end":{"line":100,"column":null}},"39":{"start":{"line":100,"column":22},"end":{"line":100,"column":null}},"40":{"start":{"line":101,"column":6},"end":{"line":101,"column":null}},"41":{"start":{"line":103,"column":4},"end":{"line":103,"column":null}},"42":{"start":{"line":103,"column":29},"end":{"line":103,"column":48}},"43":{"start":{"line":105,"column":2},"end":{"line":105,"column":null}},"44":{"start":{"line":117,"column":57},"end":{"line":117,"column":null}},"45":{"start":{"line":119,"column":2},"end":{"line":155,"column":null}},"46":{"start":{"line":119,"column":21},"end":{"line":119,"column":24}},"47":{"start":{"line":120,"column":4},"end":{"line":154,"column":null}},"48":{"start":{"line":121,"column":6},"end":{"line":121,"column":null}},"49":{"start":{"line":122,"column":17},"end":{"line":122,"column":null}},"50":{"start":{"line":125,"column":6},"end":{"line":128,"column":null}},"51":{"start":{"line":130,"column":6},"end":{"line":130,"column":null}},"52":{"start":{"line":131,"column":50},"end":{"line":131,"column":null}},"53":{"start":{"line":132,"column":6},"end":{"line":132,"column":null}},"54":{"start":{"line":133,"column":6},"end":{"line":133,"column":null}},"55":{"start":{"line":134,"column":6},"end":{"line":134,"column":null}},"56":{"start":{"line":137,"column":6},"end":{"line":137,"column":null}},"57":{"start":{"line":139,"column":32},"end":{"line":139,"column":null}},"58":{"start":{"line":140,"column":6},"end":{"line":140,"column":null}},"59":{"start":{"line":141,"column":18},"end":{"line":141,"column":null}},"60":{"start":{"line":145,"column":6},"end":{"line":145,"column":null}},"61":{"start":{"line":146,"column":6},"end":{"line":146,"column":null}},"62":{"start":{"line":148,"column":6},"end":{"line":148,"column":null}},"63":{"start":{"line":149,"column":20},"end":{"line":151,"column":null}},"64":{"start":{"line":152,"column":6},"end":{"line":152,"column":null}},"65":{"start":{"line":153,"column":6},"end":{"line":153,"column":null}},"66":{"start":{"line":153,"column":31},"end":{"line":153,"column":51}},"67":{"start":{"line":156,"column":2},"end":{"line":156,"column":null}}},"fnMap":{"0":{"name":"loadKeypair","decl":{"start":{"line":10,"column":16},"end":{"line":10,"column":28}},"loc":{"start":{"line":10,"column":50},"end":{"line":17,"column":null}},"line":10},"1":{"name":"getRecentPriorityFees","decl":{"start":{"line":24,"column":22},"end":{"line":24,"column":44}},"loc":{"start":{"line":27,"column":3},"end":{"line":56,"column":null}},"line":27},"2":{"name":"(anonymous_2)","decl":{"start":{"line":40,"column":11},"end":{"line":40,"column":16}},"loc":{"start":{"line":40,"column":16},"end":{"line":40,"column":35}},"line":40},"3":{"name":"(anonymous_3)","decl":{"start":{"line":41,"column":12},"end":{"line":41,"column":13}},"loc":{"start":{"line":41,"column":22},"end":{"line":41,"column":27}},"line":41},"4":{"name":"checkTransactionSize","decl":{"start":{"line":62,"column":16},"end":{"line":62,"column":37}},"loc":{"start":{"line":62,"column":60},"end":{"line":69,"column":null}},"line":62},"5":{"name":"is429","decl":{"start":{"line":71,"column":9},"end":{"line":71,"column":15}},"loc":{"start":{"line":71,"column":38},"end":{"line":77,"column":null}},"line":71},"6":{"name":"pollSignatureStatus","decl":{"start":{"line":83,"column":22},"end":{"line":83,"column":null}},"loc":{"start":{"line":87,"column":17},"end":{"line":106,"column":null}},"line":87},"7":{"name":"(anonymous_7)","decl":{"start":{"line":103,"column":22},"end":{"line":103,"column":23}},"loc":{"start":{"line":103,"column":29},"end":{"line":103,"column":48}},"line":103},"8":{"name":"sendWithRetry","decl":{"start":{"line":108,"column":22},"end":{"line":108,"column":null}},"loc":{"start":{"line":113,"column":19},"end":{"line":157,"column":null}},"line":113},"9":{"name":"(anonymous_9)","decl":{"start":{"line":153,"column":24},"end":{"line":153,"column":25}},"loc":{"start":{"line":153,"column":31},"end":{"line":153,"column":51}},"line":153}},"branchMap":{"0":{"loc":{"start":{"line":12,"column":2},"end":{"line":15,"column":null}},"type":"if","locations":[{"start":{"line":12,"column":2},"end":{"line":15,"column":null}},{"start":{},"end":{}}],"line":12},"1":{"loc":{"start":{"line":33,"column":4},"end":{"line":36,"column":null}},"type":"if","locations":[{"start":{"line":33,"column":4},"end":{"line":36,"column":null}},{"start":{},"end":{}}],"line":33},"2":{"loc":{"start":{"line":43,"column":24},"end":{"line":43,"column":null}},"type":"binary-expr","locations":[{"start":{"line":43,"column":24},"end":{"line":43,"column":44}},{"start":{"line":43,"column":44},"end":{"line":43,"column":null}}],"line":43},"3":{"loc":{"start":{"line":64,"column":2},"end":{"line":68,"column":null}},"type":"if","locations":[{"start":{"line":64,"column":2},"end":{"line":68,"column":null}},{"start":{},"end":{}}],"line":64},"4":{"loc":{"start":{"line":72,"column":2},"end":{"line":75,"column":null}},"type":"if","locations":[{"start":{"line":72,"column":2},"end":{"line":75,"column":null}},{"start":{},"end":{}}],"line":72},"5":{"loc":{"start":{"line":74,"column":11},"end":{"line":74,"column":null}},"type":"binary-expr","locations":[{"start":{"line":74,"column":11},"end":{"line":74,"column":34}},{"start":{"line":74,"column":34},"end":{"line":74,"column":71}},{"start":{"line":74,"column":71},"end":{"line":74,"column":null}}],"line":74},"6":{"loc":{"start":{"line":86,"column":2},"end":{"line":86,"column":null}},"type":"default-arg","locations":[{"start":{"line":86,"column":14},"end":{"line":86,"column":null}}],"line":86},"7":{"loc":{"start":{"line":90,"column":2},"end":{"line":92,"column":null}},"type":"if","locations":[{"start":{"line":90,"column":2},"end":{"line":92,"column":null}},{"start":{},"end":{}}],"line":90},"8":{"loc":{"start":{"line":99,"column":4},"end":{"line":102,"column":null}},"type":"if","locations":[{"start":{"line":99,"column":4},"end":{"line":102,"column":null}},{"start":{},"end":{}}],"line":99},"9":{"loc":{"start":{"line":99,"column":8},"end":{"line":99,"column":98}},"type":"binary-expr","locations":[{"start":{"line":99,"column":8},"end":{"line":99,"column":54}},{"start":{"line":99,"column":54},"end":{"line":99,"column":98}}],"line":99},"10":{"loc":{"start":{"line":100,"column":6},"end":{"line":100,"column":null}},"type":"if","locations":[{"start":{"line":100,"column":6},"end":{"line":100,"column":null}},{"start":{},"end":{}}],"line":100},"11":{"loc":{"start":{"line":112,"column":2},"end":{"line":112,"column":null}},"type":"default-arg","locations":[{"start":{"line":112,"column":15},"end":{"line":112,"column":null}}],"line":112},"12":{"loc":{"start":{"line":149,"column":20},"end":{"line":151,"column":null}},"type":"cond-expr","locations":[{"start":{"line":149,"column":29},"end":{"line":150,"column":null}},{"start":{"line":151,"column":10},"end":{"line":151,"column":null}}],"line":149}},"s":{"0":1,"1":0,"2":0,"3":0,"4":0,"5":0,"6":0,"7":0,"8":0,"9":0,"10":0,"11":0,"12":0,"13":0,"14":0,"15":0,"16":0,"17":0,"18":0,"19":0,"20":0,"21":0,"22":0,"23":0,"24":0,"25":0,"26":0,"27":0,"28":0,"29":0,"30":0,"31":0,"32":0,"33":0,"34":0,"35":0,"36":0,"37":0,"38":0,"39":0,"40":0,"41":0,"42":0,"43":0,"44":0,"45":0,"46":0,"47":0,"48":0,"49":0,"50":0,"51":0,"52":0,"53":0,"54":0,"55":0,"56":0,"57":0,"58":0,"59":0,"60":0,"61":0,"62":0,"63":0,"64":0,"65":0,"66":0,"67":0},"f":{"0":0,"1":0,"2":0,"3":0,"4":0,"5":0,"6":0,"7":0,"8":0,"9":0},"b":{"0":[0,0],"1":[0,0],"2":[0,0],"3":[0,0],"4":[0,0],"5":[0,0,0],"6":[0],"7":[0,0],"8":[0,0],"9":[0,0],"10":[0,0],"11":[0],"12":[0,0]},"meta":{"lastBranch":13,"lastFunction":10,"lastStatement":68,"seen":{"s:8:29:8:Infinity":0,"f:10:16:10:28":0,"s:11:18:11:Infinity":1,"b:12:2:15:Infinity:undefined:undefined:undefined:undefined":0,"s:12:2:15:Infinity":2,"s:13:16:13:Infinity":3,"s:14:4:14:Infinity":4,"s:16:2:16:Infinity":5,"f:24:22:24:44":1,"s:28:2:55:Infinity":6,"s:29:4:29:Infinity":7,"s:31:23:31:Infinity":8,"b:33:4:36:Infinity:undefined:undefined:undefined:undefined":1,"s:33:4:36:Infinity":9,"s:34:6:34:Infinity":10,"s:35:6:35:Infinity":11,"s:39:19:41:Infinity":12,"f:40:11:40:16":2,"s:40:16:40:35":13,"f:41:12:41:13":3,"s:41:22:41:27":14,"s:42:21:42:Infinity":15,"s:43:24:43:Infinity":16,"b:43:24:43:44:43:44:43:Infinity":2,"s:46:21:46:Infinity":17,"s:49:29:49:Infinity":18,"s:51:4:51:Infinity":19,"s:53:4:53:Infinity":20,"s:54:4:54:Infinity":21,"f:62:16:62:37":4,"s:63:21:63:Infinity":22,"b:64:2:68:Infinity:undefined:undefined:undefined:undefined":3,"s:64:2:68:Infinity":23,"s:65:4:67:Infinity":24,"f:71:9:71:15":5,"b:72:2:75:Infinity:undefined:undefined:undefined:undefined":4,"s:72:2:75:Infinity":25,"s:73:16:73:Infinity":26,"s:74:4:74:Infinity":27,"b:74:11:74:34:74:34:74:71:74:71:74:Infinity":5,"s:76:2:76:Infinity":28,"f:83:22:83:Infinity":6,"b:86:14:86:Infinity":6,"s:89:25:89:Infinity":29,"b:90:2:92:Infinity:undefined:undefined:undefined:undefined":7,"s:90:2:92:Infinity":30,"s:91:4:91:Infinity":31,"s:94:16:94:Infinity":32,"s:95:2:104:Infinity":33,"s:96:4:96:Infinity":34,"s:97:17:97:Infinity":35,"s:98:19:98:Infinity":36,"b:99:4:102:Infinity:undefined:undefined:undefined:undefined":8,"s:99:4:102:Infinity":37,"b:99:8:99:54:99:54:99:98":9,"b:100:6:100:Infinity:undefined:undefined:undefined:undefined":10,"s:100:6:100:Infinity":38,"s:100:22:100:Infinity":39,"s:101:6:101:Infinity":40,"s:103:4:103:Infinity":41,"f:103:22:103:23":7,"s:103:29:103:48":42,"s:105:2:105:Infinity":43,"f:108:22:108:Infinity":8,"b:112:15:112:Infinity":11,"s:117:57:117:Infinity":44,"s:119:2:155:Infinity":45,"s:119:21:119:24":46,"s:120:4:154:Infinity":47,"s:121:6:121:Infinity":48,"s:122:17:122:Infinity":49,"s:125:6:128:Infinity":50,"s:130:6:130:Infinity":51,"s:131:50:131:Infinity":52,"s:132:6:132:Infinity":53,"s:133:6:133:Infinity":54,"s:134:6:134:Infinity":55,"s:137:6:137:Infinity":56,"s:139:32:139:Infinity":57,"s:140:6:140:Infinity":58,"s:141:18:141:Infinity":59,"s:145:6:145:Infinity":60,"s:146:6:146:Infinity":61,"s:148:6:148:Infinity":62,"s:149:20:151:Infinity":63,"b:149:29:150:Infinity:151:10:151:Infinity":12,"s:152:6:152:Infinity":64,"s:153:6:153:Infinity":65,"f:153:24:153:25":9,"s:153:31:153:51":66,"s:156:2:156:Infinity":67}}}
}
